{"/Users/bilelgh/Documents/RNCP7/WEB SUJETS/RED-TETRIS/server/index.js": {"path":"/Users/bilelgh/Documents/RNCP7/WEB SUJETS/RED-TETRIS/server/index.js","all":true,"statementMap":{"0":{"start":{"line":1,"column":0},"end":{"line":1,"column":29}},"1":{"start":{"line":2,"column":0},"end":{"line":2,"column":32}},"2":{"start":{"line":3,"column":0},"end":{"line":3,"column":35}},"3":{"start":{"line":4,"column":0},"end":{"line":4,"column":63}},"4":{"start":{"line":5,"column":0},"end":{"line":5,"column":0}},"5":{"start":{"line":6,"column":0},"end":{"line":6,"column":30}},"6":{"start":{"line":7,"column":0},"end":{"line":7,"column":25}},"7":{"start":{"line":8,"column":0},"end":{"line":8,"column":14}},"8":{"start":{"line":9,"column":0},"end":{"line":9,"column":2}},"9":{"start":{"line":10,"column":0},"end":{"line":10,"column":0}},"10":{"start":{"line":11,"column":0},"end":{"line":11,"column":21}},"11":{"start":{"line":12,"column":0},"end":{"line":12,"column":30}},"12":{"start":{"line":13,"column":0},"end":{"line":13,"column":14}},"13":{"start":{"line":14,"column":0},"end":{"line":14,"column":2}},"14":{"start":{"line":15,"column":0},"end":{"line":15,"column":0}},"15":{"start":{"line":16,"column":0},"end":{"line":16,"column":27}},"16":{"start":{"line":17,"column":0},"end":{"line":17,"column":47}},"17":{"start":{"line":18,"column":0},"end":{"line":18,"column":0}},"18":{"start":{"line":19,"column":0},"end":{"line":19,"column":38}},"19":{"start":{"line":20,"column":0},"end":{"line":20,"column":51}},"20":{"start":{"line":21,"column":0},"end":{"line":21,"column":0}},"21":{"start":{"line":22,"column":0},"end":{"line":22,"column":16}},"22":{"start":{"line":23,"column":0},"end":{"line":23,"column":44}},"23":{"start":{"line":24,"column":0},"end":{"line":24,"column":70}},"24":{"start":{"line":25,"column":0},"end":{"line":25,"column":2}},"25":{"start":{"line":26,"column":0},"end":{"line":26,"column":0}},"26":{"start":{"line":27,"column":0},"end":{"line":27,"column":44}},"27":{"start":{"line":28,"column":0},"end":{"line":28,"column":49}},"28":{"start":{"line":29,"column":0},"end":{"line":29,"column":65}},"29":{"start":{"line":30,"column":0},"end":{"line":30,"column":2}},"30":{"start":{"line":31,"column":0},"end":{"line":31,"column":0}},"31":{"start":{"line":32,"column":0},"end":{"line":32,"column":23}},"32":{"start":{"line":33,"column":0},"end":{"line":33,"column":27}},"33":{"start":{"line":34,"column":0},"end":{"line":34,"column":7}},"34":{"start":{"line":35,"column":0},"end":{"line":35,"column":57}},"35":{"start":{"line":36,"column":0},"end":{"line":36,"column":27}},"36":{"start":{"line":37,"column":0},"end":{"line":37,"column":78}},"37":{"start":{"line":38,"column":0},"end":{"line":38,"column":17}},"38":{"start":{"line":39,"column":0},"end":{"line":39,"column":26}},"39":{"start":{"line":40,"column":0},"end":{"line":40,"column":19}},"40":{"start":{"line":41,"column":0},"end":{"line":41,"column":3}},"41":{"start":{"line":42,"column":0},"end":{"line":42,"column":1}},"42":{"start":{"line":43,"column":0},"end":{"line":43,"column":0}},"43":{"start":{"line":44,"column":0},"end":{"line":44,"column":7}}},"s":{"0":0,"1":0,"2":0,"3":0,"4":0,"5":0,"6":0,"7":0,"8":0,"9":0,"10":0,"11":0,"12":0,"13":0,"14":0,"15":0,"16":0,"17":0,"18":0,"19":0,"20":0,"21":0,"22":0,"23":0,"24":0,"25":0,"26":0,"27":0,"28":0,"29":0,"30":0,"31":0,"32":0,"33":0,"34":0,"35":0,"36":0,"37":0,"38":0,"39":0,"40":0,"41":0,"42":0,"43":0},"branchMap":{"0":{"type":"branch","line":1,"loc":{"start":{"line":1,"column":0},"end":{"line":44,"column":-357}},"locations":[{"start":{"line":1,"column":0},"end":{"line":44,"column":-357}}]}},"b":{"0":[0]},"fnMap":{"0":{"name":"(empty-report)","decl":{"start":{"line":1,"column":0},"end":{"line":44,"column":-357}},"loc":{"start":{"line":1,"column":0},"end":{"line":44,"column":-357}},"line":1}},"f":{"0":0}}
,"/Users/bilelgh/Documents/RNCP7/WEB SUJETS/RED-TETRIS/server/src/config/gameConfig.js": {"path":"/Users/bilelgh/Documents/RNCP7/WEB SUJETS/RED-TETRIS/server/src/config/gameConfig.js","all":false,"statementMap":{"0":{"start":{"line":1,"column":0},"end":{"line":1,"column":3}},"1":{"start":{"line":2,"column":0},"end":{"line":2,"column":30}},"2":{"start":{"line":3,"column":0},"end":{"line":3,"column":3}},"3":{"start":{"line":4,"column":0},"end":{"line":4,"column":0}},"4":{"start":{"line":5,"column":0},"end":{"line":5,"column":33}},"5":{"start":{"line":6,"column":0},"end":{"line":6,"column":29}},"6":{"start":{"line":7,"column":0},"end":{"line":7,"column":30}},"7":{"start":{"line":8,"column":0},"end":{"line":8,"column":0}},"8":{"start":{"line":9,"column":0},"end":{"line":9,"column":21}},"9":{"start":{"line":10,"column":0},"end":{"line":10,"column":45}},"10":{"start":{"line":11,"column":0},"end":{"line":11,"column":49}},"11":{"start":{"line":12,"column":0},"end":{"line":12,"column":40}},"12":{"start":{"line":13,"column":0},"end":{"line":13,"column":0}},"13":{"start":{"line":14,"column":0},"end":{"line":14,"column":20}},"14":{"start":{"line":15,"column":0},"end":{"line":15,"column":23}},"15":{"start":{"line":16,"column":0},"end":{"line":16,"column":22}},"16":{"start":{"line":17,"column":0},"end":{"line":17,"column":23}},"17":{"start":{"line":18,"column":0},"end":{"line":18,"column":23}},"18":{"start":{"line":19,"column":0},"end":{"line":19,"column":32}},"19":{"start":{"line":20,"column":0},"end":{"line":20,"column":2}},"20":{"start":{"line":21,"column":0},"end":{"line":21,"column":0}},"21":{"start":{"line":22,"column":0},"end":{"line":22,"column":12}},"22":{"start":{"line":23,"column":0},"end":{"line":23,"column":88}}},"s":{"0":1,"1":1,"2":1,"3":1,"4":1,"5":1,"6":1,"7":1,"8":1,"9":1,"10":1,"11":1,"12":1,"13":1,"14":1,"15":1,"16":1,"17":1,"18":1,"19":1,"20":1,"21":1,"22":1},"branchMap":{},"b":{},"fnMap":{},"f":{}}
,"/Users/bilelgh/Documents/RNCP7/WEB SUJETS/RED-TETRIS/server/src/models/Game.js": {"path":"/Users/bilelgh/Documents/RNCP7/WEB SUJETS/RED-TETRIS/server/src/models/Game.js","all":false,"statementMap":{"0":{"start":{"line":1,"column":0},"end":{"line":1,"column":37}},"1":{"start":{"line":2,"column":0},"end":{"line":2,"column":35}},"2":{"start":{"line":3,"column":0},"end":{"line":3,"column":0}},"3":{"start":{"line":4,"column":0},"end":{"line":4,"column":3}},"4":{"start":{"line":5,"column":0},"end":{"line":5,"column":43}},"5":{"start":{"line":6,"column":0},"end":{"line":6,"column":3}},"6":{"start":{"line":7,"column":0},"end":{"line":7,"column":19}},"7":{"start":{"line":8,"column":0},"end":{"line":8,"column":5}},"8":{"start":{"line":9,"column":0},"end":{"line":9,"column":29}},"9":{"start":{"line":10,"column":0},"end":{"line":10,"column":57}},"10":{"start":{"line":11,"column":0},"end":{"line":11,"column":60}},"11":{"start":{"line":12,"column":0},"end":{"line":12,"column":104}},"12":{"start":{"line":13,"column":0},"end":{"line":13,"column":5}},"13":{"start":{"line":14,"column":0},"end":{"line":14,"column":65}},"14":{"start":{"line":15,"column":0},"end":{"line":15,"column":17}},"15":{"start":{"line":16,"column":0},"end":{"line":16,"column":29}},"16":{"start":{"line":17,"column":0},"end":{"line":17,"column":61}},"17":{"start":{"line":18,"column":0},"end":{"line":18,"column":26}},"18":{"start":{"line":19,"column":0},"end":{"line":19,"column":32}},"19":{"start":{"line":20,"column":0},"end":{"line":20,"column":26}},"20":{"start":{"line":21,"column":0},"end":{"line":21,"column":46}},"21":{"start":{"line":22,"column":0},"end":{"line":22,"column":51}},"22":{"start":{"line":23,"column":0},"end":{"line":23,"column":96}},"23":{"start":{"line":24,"column":0},"end":{"line":24,"column":0}},"24":{"start":{"line":25,"column":0},"end":{"line":25,"column":42}},"25":{"start":{"line":26,"column":0},"end":{"line":26,"column":28}},"26":{"start":{"line":27,"column":0},"end":{"line":27,"column":84}},"27":{"start":{"line":28,"column":0},"end":{"line":28,"column":3}},"28":{"start":{"line":29,"column":0},"end":{"line":29,"column":0}},"29":{"start":{"line":30,"column":0},"end":{"line":30,"column":5}},"30":{"start":{"line":31,"column":0},"end":{"line":31,"column":33}},"31":{"start":{"line":32,"column":0},"end":{"line":32,"column":53}},"32":{"start":{"line":33,"column":0},"end":{"line":33,"column":49}},"33":{"start":{"line":34,"column":0},"end":{"line":34,"column":37}},"34":{"start":{"line":35,"column":0},"end":{"line":35,"column":5}},"35":{"start":{"line":36,"column":0},"end":{"line":36,"column":33}},"36":{"start":{"line":37,"column":0},"end":{"line":37,"column":47}},"37":{"start":{"line":38,"column":0},"end":{"line":38,"column":48}},"38":{"start":{"line":39,"column":0},"end":{"line":39,"column":5}},"39":{"start":{"line":40,"column":0},"end":{"line":40,"column":0}},"40":{"start":{"line":41,"column":0},"end":{"line":41,"column":80}},"41":{"start":{"line":42,"column":0},"end":{"line":42,"column":39}},"42":{"start":{"line":43,"column":0},"end":{"line":43,"column":0}},"43":{"start":{"line":44,"column":0},"end":{"line":44,"column":39}},"44":{"start":{"line":45,"column":0},"end":{"line":45,"column":21}},"45":{"start":{"line":46,"column":0},"end":{"line":46,"column":27}},"46":{"start":{"line":47,"column":0},"end":{"line":47,"column":5}},"47":{"start":{"line":48,"column":0},"end":{"line":48,"column":0}},"48":{"start":{"line":49,"column":0},"end":{"line":49,"column":18}},"49":{"start":{"line":50,"column":0},"end":{"line":50,"column":3}},"50":{"start":{"line":51,"column":0},"end":{"line":51,"column":0}},"51":{"start":{"line":52,"column":0},"end":{"line":52,"column":5}},"52":{"start":{"line":53,"column":0},"end":{"line":53,"column":34}},"53":{"start":{"line":54,"column":0},"end":{"line":54,"column":63}},"54":{"start":{"line":55,"column":0},"end":{"line":55,"column":5}},"55":{"start":{"line":56,"column":0},"end":{"line":56,"column":26}},"56":{"start":{"line":57,"column":0},"end":{"line":57,"column":34}},"57":{"start":{"line":58,"column":0},"end":{"line":58,"column":0}},"58":{"start":{"line":59,"column":0},"end":{"line":59,"column":46}},"59":{"start":{"line":60,"column":0},"end":{"line":60,"column":58}},"60":{"start":{"line":61,"column":0},"end":{"line":61,"column":100}},"61":{"start":{"line":62,"column":0},"end":{"line":62,"column":85}},"62":{"start":{"line":63,"column":0},"end":{"line":63,"column":30}},"63":{"start":{"line":64,"column":0},"end":{"line":64,"column":36}},"64":{"start":{"line":65,"column":0},"end":{"line":65,"column":0}},"65":{"start":{"line":66,"column":0},"end":{"line":66,"column":58}},"66":{"start":{"line":67,"column":0},"end":{"line":67,"column":47}},"67":{"start":{"line":68,"column":0},"end":{"line":68,"column":43}},"68":{"start":{"line":69,"column":0},"end":{"line":69,"column":28}},"69":{"start":{"line":70,"column":0},"end":{"line":70,"column":115}},"70":{"start":{"line":71,"column":0},"end":{"line":71,"column":9}},"71":{"start":{"line":72,"column":0},"end":{"line":72,"column":7}},"72":{"start":{"line":73,"column":0},"end":{"line":73,"column":0}},"73":{"start":{"line":74,"column":0},"end":{"line":74,"column":57}},"74":{"start":{"line":75,"column":0},"end":{"line":75,"column":25}},"75":{"start":{"line":76,"column":0},"end":{"line":76,"column":33}},"76":{"start":{"line":77,"column":0},"end":{"line":77,"column":114}},"77":{"start":{"line":78,"column":0},"end":{"line":78,"column":14}},"78":{"start":{"line":79,"column":0},"end":{"line":79,"column":54}},"79":{"start":{"line":80,"column":0},"end":{"line":80,"column":53}},"80":{"start":{"line":81,"column":0},"end":{"line":81,"column":160}},"81":{"start":{"line":82,"column":0},"end":{"line":82,"column":7}},"82":{"start":{"line":83,"column":0},"end":{"line":83,"column":5}},"83":{"start":{"line":84,"column":0},"end":{"line":84,"column":0}},"84":{"start":{"line":85,"column":0},"end":{"line":85,"column":62}},"85":{"start":{"line":86,"column":0},"end":{"line":86,"column":34}},"86":{"start":{"line":87,"column":0},"end":{"line":87,"column":28}},"87":{"start":{"line":88,"column":0},"end":{"line":88,"column":83}},"88":{"start":{"line":89,"column":0},"end":{"line":89,"column":5}},"89":{"start":{"line":90,"column":0},"end":{"line":90,"column":3}},"90":{"start":{"line":91,"column":0},"end":{"line":91,"column":0}},"91":{"start":{"line":92,"column":0},"end":{"line":92,"column":5}},"92":{"start":{"line":93,"column":0},"end":{"line":93,"column":22}},"93":{"start":{"line":94,"column":0},"end":{"line":94,"column":5}},"94":{"start":{"line":95,"column":0},"end":{"line":95,"column":11}},"95":{"start":{"line":96,"column":0},"end":{"line":96,"column":34}},"96":{"start":{"line":97,"column":0},"end":{"line":97,"column":72}},"97":{"start":{"line":98,"column":0},"end":{"line":98,"column":5}},"98":{"start":{"line":99,"column":0},"end":{"line":99,"column":0}},"99":{"start":{"line":100,"column":0},"end":{"line":100,"column":45}},"100":{"start":{"line":101,"column":0},"end":{"line":101,"column":39}},"101":{"start":{"line":102,"column":0},"end":{"line":102,"column":0}},"102":{"start":{"line":103,"column":0},"end":{"line":103,"column":25}},"103":{"start":{"line":104,"column":0},"end":{"line":104,"column":32}},"104":{"start":{"line":105,"column":0},"end":{"line":105,"column":0}},"105":{"start":{"line":106,"column":0},"end":{"line":106,"column":41}},"106":{"start":{"line":107,"column":0},"end":{"line":107,"column":49}},"107":{"start":{"line":108,"column":0},"end":{"line":108,"column":53}},"108":{"start":{"line":109,"column":0},"end":{"line":109,"column":30}},"109":{"start":{"line":110,"column":0},"end":{"line":110,"column":5}},"110":{"start":{"line":111,"column":0},"end":{"line":111,"column":0}},"111":{"start":{"line":112,"column":0},"end":{"line":112,"column":16}},"112":{"start":{"line":113,"column":0},"end":{"line":113,"column":3}},"113":{"start":{"line":114,"column":0},"end":{"line":114,"column":0}},"114":{"start":{"line":115,"column":0},"end":{"line":115,"column":5}},"115":{"start":{"line":116,"column":0},"end":{"line":116,"column":65}},"116":{"start":{"line":117,"column":0},"end":{"line":117,"column":5}},"117":{"start":{"line":118,"column":0},"end":{"line":118,"column":33}},"118":{"start":{"line":119,"column":0},"end":{"line":119,"column":49}},"119":{"start":{"line":120,"column":0},"end":{"line":120,"column":28}},"120":{"start":{"line":121,"column":0},"end":{"line":121,"column":67}},"121":{"start":{"line":122,"column":0},"end":{"line":122,"column":61}},"122":{"start":{"line":123,"column":0},"end":{"line":123,"column":0}},"123":{"start":{"line":124,"column":0},"end":{"line":124,"column":39}},"124":{"start":{"line":125,"column":0},"end":{"line":125,"column":48}},"125":{"start":{"line":126,"column":0},"end":{"line":126,"column":39}},"126":{"start":{"line":127,"column":0},"end":{"line":127,"column":53}},"127":{"start":{"line":128,"column":0},"end":{"line":128,"column":55}},"128":{"start":{"line":129,"column":0},"end":{"line":129,"column":54}},"129":{"start":{"line":130,"column":0},"end":{"line":130,"column":72}},"130":{"start":{"line":131,"column":0},"end":{"line":131,"column":7}},"131":{"start":{"line":132,"column":0},"end":{"line":132,"column":45}},"132":{"start":{"line":133,"column":0},"end":{"line":133,"column":5}},"133":{"start":{"line":134,"column":0},"end":{"line":134,"column":91}},"134":{"start":{"line":135,"column":0},"end":{"line":135,"column":74}},"135":{"start":{"line":136,"column":0},"end":{"line":136,"column":3}},"136":{"start":{"line":137,"column":0},"end":{"line":137,"column":0}},"137":{"start":{"line":138,"column":0},"end":{"line":138,"column":5}},"138":{"start":{"line":139,"column":0},"end":{"line":139,"column":94}},"139":{"start":{"line":140,"column":0},"end":{"line":140,"column":100}},"140":{"start":{"line":141,"column":0},"end":{"line":141,"column":148}},"141":{"start":{"line":142,"column":0},"end":{"line":142,"column":123}},"142":{"start":{"line":143,"column":0},"end":{"line":143,"column":62}},"143":{"start":{"line":144,"column":0},"end":{"line":144,"column":53}},"144":{"start":{"line":145,"column":0},"end":{"line":145,"column":5}},"145":{"start":{"line":146,"column":0},"end":{"line":146,"column":37}},"146":{"start":{"line":147,"column":0},"end":{"line":147,"column":62}},"147":{"start":{"line":148,"column":0},"end":{"line":148,"column":148}},"148":{"start":{"line":149,"column":0},"end":{"line":149,"column":44}},"149":{"start":{"line":150,"column":0},"end":{"line":150,"column":89}},"150":{"start":{"line":151,"column":0},"end":{"line":151,"column":96}},"151":{"start":{"line":152,"column":0},"end":{"line":152,"column":108}},"152":{"start":{"line":153,"column":0},"end":{"line":153,"column":82}},"153":{"start":{"line":154,"column":0},"end":{"line":154,"column":92}},"154":{"start":{"line":155,"column":0},"end":{"line":155,"column":78}},"155":{"start":{"line":156,"column":0},"end":{"line":156,"column":5}},"156":{"start":{"line":157,"column":0},"end":{"line":157,"column":60}},"157":{"start":{"line":158,"column":0},"end":{"line":158,"column":29}},"158":{"start":{"line":159,"column":0},"end":{"line":159,"column":16}},"159":{"start":{"line":160,"column":0},"end":{"line":160,"column":3}},"160":{"start":{"line":161,"column":0},"end":{"line":161,"column":0}},"161":{"start":{"line":162,"column":0},"end":{"line":162,"column":5}},"162":{"start":{"line":163,"column":0},"end":{"line":163,"column":54}},"163":{"start":{"line":164,"column":0},"end":{"line":164,"column":59}},"164":{"start":{"line":165,"column":0},"end":{"line":165,"column":80}},"165":{"start":{"line":166,"column":0},"end":{"line":166,"column":5}},"166":{"start":{"line":167,"column":0},"end":{"line":167,"column":22}},"167":{"start":{"line":168,"column":0},"end":{"line":168,"column":111}},"168":{"start":{"line":169,"column":0},"end":{"line":169,"column":65}},"169":{"start":{"line":170,"column":0},"end":{"line":170,"column":0}},"170":{"start":{"line":171,"column":0},"end":{"line":171,"column":60}},"171":{"start":{"line":172,"column":0},"end":{"line":172,"column":54}},"172":{"start":{"line":173,"column":0},"end":{"line":173,"column":0}},"173":{"start":{"line":174,"column":0},"end":{"line":174,"column":70}},"174":{"start":{"line":175,"column":0},"end":{"line":175,"column":59}},"175":{"start":{"line":176,"column":0},"end":{"line":176,"column":29}},"176":{"start":{"line":177,"column":0},"end":{"line":177,"column":31}},"177":{"start":{"line":178,"column":0},"end":{"line":178,"column":0}},"178":{"start":{"line":179,"column":0},"end":{"line":179,"column":55}},"179":{"start":{"line":180,"column":0},"end":{"line":180,"column":46}},"180":{"start":{"line":181,"column":0},"end":{"line":181,"column":0}},"181":{"start":{"line":182,"column":0},"end":{"line":182,"column":68}},"182":{"start":{"line":183,"column":0},"end":{"line":183,"column":18}},"183":{"start":{"line":184,"column":0},"end":{"line":184,"column":5}},"184":{"start":{"line":185,"column":0},"end":{"line":185,"column":0}},"185":{"start":{"line":186,"column":0},"end":{"line":186,"column":17}},"186":{"start":{"line":187,"column":0},"end":{"line":187,"column":3}},"187":{"start":{"line":188,"column":0},"end":{"line":188,"column":0}},"188":{"start":{"line":189,"column":0},"end":{"line":189,"column":5}},"189":{"start":{"line":190,"column":0},"end":{"line":190,"column":91}},"190":{"start":{"line":191,"column":0},"end":{"line":191,"column":48}},"191":{"start":{"line":192,"column":0},"end":{"line":192,"column":47}},"192":{"start":{"line":193,"column":0},"end":{"line":193,"column":58}},"193":{"start":{"line":194,"column":0},"end":{"line":194,"column":56}},"194":{"start":{"line":195,"column":0},"end":{"line":195,"column":54}},"195":{"start":{"line":196,"column":0},"end":{"line":196,"column":5}},"196":{"start":{"line":197,"column":0},"end":{"line":197,"column":49}},"197":{"start":{"line":198,"column":0},"end":{"line":198,"column":37}},"198":{"start":{"line":199,"column":0},"end":{"line":199,"column":0}},"199":{"start":{"line":200,"column":0},"end":{"line":200,"column":45}},"200":{"start":{"line":201,"column":0},"end":{"line":201,"column":50}},"201":{"start":{"line":202,"column":0},"end":{"line":202,"column":33}},"202":{"start":{"line":203,"column":0},"end":{"line":203,"column":40}},"203":{"start":{"line":204,"column":0},"end":{"line":204,"column":40}},"204":{"start":{"line":205,"column":0},"end":{"line":205,"column":0}},"205":{"start":{"line":206,"column":0},"end":{"line":206,"column":48}},"206":{"start":{"line":207,"column":0},"end":{"line":207,"column":14}},"207":{"start":{"line":208,"column":0},"end":{"line":208,"column":23}},"208":{"start":{"line":209,"column":0},"end":{"line":209,"column":44}},"209":{"start":{"line":210,"column":0},"end":{"line":210,"column":23}},"210":{"start":{"line":211,"column":0},"end":{"line":211,"column":41}},"211":{"start":{"line":212,"column":0},"end":{"line":212,"column":74}},"212":{"start":{"line":213,"column":0},"end":{"line":213,"column":56}},"213":{"start":{"line":214,"column":0},"end":{"line":214,"column":13}},"214":{"start":{"line":215,"column":0},"end":{"line":215,"column":24}},"215":{"start":{"line":216,"column":0},"end":{"line":216,"column":11}},"216":{"start":{"line":217,"column":0},"end":{"line":217,"column":9}},"217":{"start":{"line":218,"column":0},"end":{"line":218,"column":7}},"218":{"start":{"line":219,"column":0},"end":{"line":219,"column":5}},"219":{"start":{"line":220,"column":0},"end":{"line":220,"column":0}},"220":{"start":{"line":221,"column":0},"end":{"line":221,"column":17}},"221":{"start":{"line":222,"column":0},"end":{"line":222,"column":3}},"222":{"start":{"line":223,"column":0},"end":{"line":223,"column":0}},"223":{"start":{"line":224,"column":0},"end":{"line":224,"column":5}},"224":{"start":{"line":225,"column":0},"end":{"line":225,"column":56}},"225":{"start":{"line":226,"column":0},"end":{"line":226,"column":48}},"226":{"start":{"line":227,"column":0},"end":{"line":227,"column":99}},"227":{"start":{"line":228,"column":0},"end":{"line":228,"column":5}},"228":{"start":{"line":229,"column":0},"end":{"line":229,"column":21}},"229":{"start":{"line":230,"column":0},"end":{"line":230,"column":38}},"230":{"start":{"line":231,"column":0},"end":{"line":231,"column":37}},"231":{"start":{"line":232,"column":0},"end":{"line":232,"column":0}},"232":{"start":{"line":233,"column":0},"end":{"line":233,"column":45}},"233":{"start":{"line":234,"column":0},"end":{"line":234,"column":50}},"234":{"start":{"line":235,"column":0},"end":{"line":235,"column":33}},"235":{"start":{"line":236,"column":0},"end":{"line":236,"column":36}},"236":{"start":{"line":237,"column":0},"end":{"line":237,"column":36}},"237":{"start":{"line":238,"column":0},"end":{"line":238,"column":0}},"238":{"start":{"line":239,"column":0},"end":{"line":239,"column":74}},"239":{"start":{"line":240,"column":0},"end":{"line":240,"column":51}},"240":{"start":{"line":241,"column":0},"end":{"line":241,"column":11}},"241":{"start":{"line":242,"column":0},"end":{"line":242,"column":9}},"242":{"start":{"line":243,"column":0},"end":{"line":243,"column":7}},"243":{"start":{"line":244,"column":0},"end":{"line":244,"column":5}},"244":{"start":{"line":245,"column":0},"end":{"line":245,"column":0}},"245":{"start":{"line":246,"column":0},"end":{"line":246,"column":82}},"246":{"start":{"line":247,"column":0},"end":{"line":247,"column":25}},"247":{"start":{"line":248,"column":0},"end":{"line":248,"column":31}},"248":{"start":{"line":249,"column":0},"end":{"line":249,"column":25}},"249":{"start":{"line":250,"column":0},"end":{"line":250,"column":0}},"250":{"start":{"line":251,"column":0},"end":{"line":251,"column":62}},"251":{"start":{"line":252,"column":0},"end":{"line":252,"column":53}},"252":{"start":{"line":253,"column":0},"end":{"line":253,"column":49}},"253":{"start":{"line":254,"column":0},"end":{"line":254,"column":53}},"254":{"start":{"line":255,"column":0},"end":{"line":255,"column":49}},"255":{"start":{"line":256,"column":0},"end":{"line":256,"column":0}},"256":{"start":{"line":257,"column":0},"end":{"line":257,"column":67}},"257":{"start":{"line":258,"column":0},"end":{"line":258,"column":47}},"258":{"start":{"line":259,"column":0},"end":{"line":259,"column":0}},"259":{"start":{"line":260,"column":0},"end":{"line":260,"column":12}},"260":{"start":{"line":261,"column":0},"end":{"line":261,"column":17}},"261":{"start":{"line":262,"column":0},"end":{"line":262,"column":32}},"262":{"start":{"line":263,"column":0},"end":{"line":263,"column":33}},"263":{"start":{"line":264,"column":0},"end":{"line":264,"column":21}},"264":{"start":{"line":265,"column":0},"end":{"line":265,"column":18}},"265":{"start":{"line":266,"column":0},"end":{"line":266,"column":6}},"266":{"start":{"line":267,"column":0},"end":{"line":267,"column":3}},"267":{"start":{"line":268,"column":0},"end":{"line":268,"column":0}},"268":{"start":{"line":269,"column":0},"end":{"line":269,"column":5}},"269":{"start":{"line":270,"column":0},"end":{"line":270,"column":45}},"270":{"start":{"line":271,"column":0},"end":{"line":271,"column":48}},"271":{"start":{"line":272,"column":0},"end":{"line":272,"column":111}},"272":{"start":{"line":273,"column":0},"end":{"line":273,"column":5}},"273":{"start":{"line":274,"column":0},"end":{"line":274,"column":22}},"274":{"start":{"line":275,"column":0},"end":{"line":275,"column":25}},"275":{"start":{"line":276,"column":0},"end":{"line":276,"column":0}},"276":{"start":{"line":277,"column":0},"end":{"line":277,"column":55}},"277":{"start":{"line":278,"column":0},"end":{"line":278,"column":67}},"278":{"start":{"line":279,"column":0},"end":{"line":279,"column":53}},"279":{"start":{"line":280,"column":0},"end":{"line":280,"column":29}},"280":{"start":{"line":281,"column":0},"end":{"line":281,"column":33}},"281":{"start":{"line":282,"column":0},"end":{"line":282,"column":50}},"282":{"start":{"line":283,"column":0},"end":{"line":283,"column":66}},"283":{"start":{"line":284,"column":0},"end":{"line":284,"column":44}},"284":{"start":{"line":285,"column":0},"end":{"line":285,"column":23}},"285":{"start":{"line":286,"column":0},"end":{"line":286,"column":76}},"286":{"start":{"line":287,"column":0},"end":{"line":287,"column":12}},"287":{"start":{"line":288,"column":0},"end":{"line":288,"column":7}},"288":{"start":{"line":289,"column":0},"end":{"line":289,"column":5}},"289":{"start":{"line":290,"column":0},"end":{"line":290,"column":0}},"290":{"start":{"line":291,"column":0},"end":{"line":291,"column":63}},"291":{"start":{"line":292,"column":0},"end":{"line":292,"column":27}},"292":{"start":{"line":293,"column":0},"end":{"line":293,"column":36}},"293":{"start":{"line":294,"column":0},"end":{"line":294,"column":0}},"294":{"start":{"line":295,"column":0},"end":{"line":295,"column":88}},"295":{"start":{"line":296,"column":0},"end":{"line":296,"column":54}},"296":{"start":{"line":297,"column":0},"end":{"line":297,"column":62}},"297":{"start":{"line":298,"column":0},"end":{"line":298,"column":59}},"298":{"start":{"line":299,"column":0},"end":{"line":299,"column":0}},"299":{"start":{"line":300,"column":0},"end":{"line":300,"column":67}},"300":{"start":{"line":301,"column":0},"end":{"line":301,"column":71}},"301":{"start":{"line":302,"column":0},"end":{"line":302,"column":64}},"302":{"start":{"line":303,"column":0},"end":{"line":303,"column":60}},"303":{"start":{"line":304,"column":0},"end":{"line":304,"column":11}},"304":{"start":{"line":305,"column":0},"end":{"line":305,"column":9}},"305":{"start":{"line":306,"column":0},"end":{"line":306,"column":0}},"306":{"start":{"line":307,"column":0},"end":{"line":307,"column":66}},"307":{"start":{"line":308,"column":0},"end":{"line":308,"column":16}},"308":{"start":{"line":309,"column":0},"end":{"line":309,"column":23}},"309":{"start":{"line":310,"column":0},"end":{"line":310,"column":31}},"310":{"start":{"line":311,"column":0},"end":{"line":311,"column":22}},"311":{"start":{"line":312,"column":0},"end":{"line":312,"column":10}},"312":{"start":{"line":313,"column":0},"end":{"line":313,"column":7}},"313":{"start":{"line":314,"column":0},"end":{"line":314,"column":5}},"314":{"start":{"line":315,"column":0},"end":{"line":315,"column":0}},"315":{"start":{"line":316,"column":0},"end":{"line":316,"column":12}},"316":{"start":{"line":317,"column":0},"end":{"line":317,"column":19}},"317":{"start":{"line":318,"column":0},"end":{"line":318,"column":27}},"318":{"start":{"line":319,"column":0},"end":{"line":319,"column":6}},"319":{"start":{"line":320,"column":0},"end":{"line":320,"column":3}},"320":{"start":{"line":321,"column":0},"end":{"line":321,"column":0}},"321":{"start":{"line":322,"column":0},"end":{"line":322,"column":5}},"322":{"start":{"line":323,"column":0},"end":{"line":323,"column":46}},"323":{"start":{"line":324,"column":0},"end":{"line":324,"column":64}},"324":{"start":{"line":325,"column":0},"end":{"line":325,"column":70}},"325":{"start":{"line":326,"column":0},"end":{"line":326,"column":86}},"326":{"start":{"line":327,"column":0},"end":{"line":327,"column":5}},"327":{"start":{"line":328,"column":0},"end":{"line":328,"column":37}},"328":{"start":{"line":329,"column":0},"end":{"line":329,"column":60}},"329":{"start":{"line":330,"column":0},"end":{"line":330,"column":38}},"330":{"start":{"line":331,"column":0},"end":{"line":331,"column":0}},"331":{"start":{"line":332,"column":0},"end":{"line":332,"column":44}},"332":{"start":{"line":333,"column":0},"end":{"line":333,"column":0}},"333":{"start":{"line":334,"column":0},"end":{"line":334,"column":81}},"334":{"start":{"line":335,"column":0},"end":{"line":335,"column":36}},"335":{"start":{"line":336,"column":0},"end":{"line":336,"column":0}},"336":{"start":{"line":337,"column":0},"end":{"line":337,"column":53}},"337":{"start":{"line":338,"column":0},"end":{"line":338,"column":40}},"338":{"start":{"line":339,"column":0},"end":{"line":339,"column":70}},"339":{"start":{"line":340,"column":0},"end":{"line":340,"column":69}},"340":{"start":{"line":341,"column":0},"end":{"line":341,"column":59}},"341":{"start":{"line":342,"column":0},"end":{"line":342,"column":65}},"342":{"start":{"line":343,"column":0},"end":{"line":343,"column":70}},"343":{"start":{"line":344,"column":0},"end":{"line":344,"column":0}},"344":{"start":{"line":345,"column":0},"end":{"line":345,"column":57}},"345":{"start":{"line":346,"column":0},"end":{"line":346,"column":36}},"346":{"start":{"line":347,"column":0},"end":{"line":347,"column":5}},"347":{"start":{"line":348,"column":0},"end":{"line":348,"column":0}},"348":{"start":{"line":349,"column":0},"end":{"line":349,"column":60}},"349":{"start":{"line":350,"column":0},"end":{"line":350,"column":82}},"350":{"start":{"line":351,"column":0},"end":{"line":351,"column":29}},"351":{"start":{"line":352,"column":0},"end":{"line":352,"column":31}},"352":{"start":{"line":353,"column":0},"end":{"line":353,"column":18}},"353":{"start":{"line":354,"column":0},"end":{"line":354,"column":5}},"354":{"start":{"line":355,"column":0},"end":{"line":355,"column":0}},"355":{"start":{"line":356,"column":0},"end":{"line":356,"column":17}},"356":{"start":{"line":357,"column":0},"end":{"line":357,"column":3}},"357":{"start":{"line":358,"column":0},"end":{"line":358,"column":0}},"358":{"start":{"line":359,"column":0},"end":{"line":359,"column":5}},"359":{"start":{"line":360,"column":0},"end":{"line":360,"column":42}},"360":{"start":{"line":361,"column":0},"end":{"line":361,"column":48}},"361":{"start":{"line":362,"column":0},"end":{"line":362,"column":48}},"362":{"start":{"line":363,"column":0},"end":{"line":363,"column":46}},"363":{"start":{"line":364,"column":0},"end":{"line":364,"column":97}},"364":{"start":{"line":365,"column":0},"end":{"line":365,"column":5}},"365":{"start":{"line":366,"column":0},"end":{"line":366,"column":29}},"366":{"start":{"line":367,"column":0},"end":{"line":367,"column":71}},"367":{"start":{"line":368,"column":0},"end":{"line":368,"column":57}},"368":{"start":{"line":369,"column":0},"end":{"line":369,"column":5}},"369":{"start":{"line":370,"column":0},"end":{"line":370,"column":0}},"370":{"start":{"line":371,"column":0},"end":{"line":371,"column":68}},"371":{"start":{"line":372,"column":0},"end":{"line":372,"column":34}},"372":{"start":{"line":373,"column":0},"end":{"line":373,"column":34}},"373":{"start":{"line":374,"column":0},"end":{"line":374,"column":73}},"374":{"start":{"line":375,"column":0},"end":{"line":375,"column":5}},"375":{"start":{"line":376,"column":0},"end":{"line":376,"column":0}},"376":{"start":{"line":377,"column":0},"end":{"line":377,"column":65}},"377":{"start":{"line":378,"column":0},"end":{"line":378,"column":17}},"378":{"start":{"line":379,"column":0},"end":{"line":379,"column":48}},"379":{"start":{"line":380,"column":0},"end":{"line":380,"column":14}},"380":{"start":{"line":381,"column":0},"end":{"line":381,"column":21}},"381":{"start":{"line":382,"column":0},"end":{"line":382,"column":40}},"382":{"start":{"line":383,"column":0},"end":{"line":383,"column":33}},"383":{"start":{"line":384,"column":0},"end":{"line":384,"column":8}},"384":{"start":{"line":385,"column":0},"end":{"line":385,"column":5}},"385":{"start":{"line":386,"column":0},"end":{"line":386,"column":0}},"386":{"start":{"line":387,"column":0},"end":{"line":387,"column":45}},"387":{"start":{"line":388,"column":0},"end":{"line":388,"column":3}},"388":{"start":{"line":389,"column":0},"end":{"line":389,"column":0}},"389":{"start":{"line":390,"column":0},"end":{"line":390,"column":5}},"390":{"start":{"line":391,"column":0},"end":{"line":391,"column":47}},"391":{"start":{"line":392,"column":0},"end":{"line":392,"column":48}},"392":{"start":{"line":393,"column":0},"end":{"line":393,"column":96}},"393":{"start":{"line":394,"column":0},"end":{"line":394,"column":5}},"394":{"start":{"line":395,"column":0},"end":{"line":395,"column":23}},"395":{"start":{"line":396,"column":0},"end":{"line":396,"column":71}},"396":{"start":{"line":397,"column":0},"end":{"line":397,"column":59}},"397":{"start":{"line":398,"column":0},"end":{"line":398,"column":5}},"398":{"start":{"line":399,"column":0},"end":{"line":399,"column":0}},"399":{"start":{"line":400,"column":0},"end":{"line":400,"column":54}},"400":{"start":{"line":401,"column":0},"end":{"line":401,"column":62}},"401":{"start":{"line":402,"column":0},"end":{"line":402,"column":0}},"402":{"start":{"line":403,"column":0},"end":{"line":403,"column":43}},"403":{"start":{"line":404,"column":0},"end":{"line":404,"column":53}},"404":{"start":{"line":405,"column":0},"end":{"line":405,"column":30}},"405":{"start":{"line":406,"column":0},"end":{"line":406,"column":35}},"406":{"start":{"line":407,"column":0},"end":{"line":407,"column":48}},"407":{"start":{"line":408,"column":0},"end":{"line":408,"column":5}},"408":{"start":{"line":409,"column":0},"end":{"line":409,"column":0}},"409":{"start":{"line":410,"column":0},"end":{"line":410,"column":47}},"410":{"start":{"line":411,"column":0},"end":{"line":411,"column":3}},"411":{"start":{"line":412,"column":0},"end":{"line":412,"column":0}},"412":{"start":{"line":413,"column":0},"end":{"line":413,"column":5}},"413":{"start":{"line":414,"column":0},"end":{"line":414,"column":53}},"414":{"start":{"line":415,"column":0},"end":{"line":415,"column":48}},"415":{"start":{"line":416,"column":0},"end":{"line":416,"column":87}},"416":{"start":{"line":417,"column":0},"end":{"line":417,"column":5}},"417":{"start":{"line":418,"column":0},"end":{"line":418,"column":21}},"418":{"start":{"line":419,"column":0},"end":{"line":419,"column":71}},"419":{"start":{"line":420,"column":0},"end":{"line":420,"column":14}},"420":{"start":{"line":421,"column":0},"end":{"line":421,"column":19}},"421":{"start":{"line":422,"column":0},"end":{"line":422,"column":33}},"422":{"start":{"line":423,"column":0},"end":{"line":423,"column":8}},"423":{"start":{"line":424,"column":0},"end":{"line":424,"column":5}},"424":{"start":{"line":425,"column":0},"end":{"line":425,"column":0}},"425":{"start":{"line":426,"column":0},"end":{"line":426,"column":25}},"426":{"start":{"line":427,"column":0},"end":{"line":427,"column":0}},"427":{"start":{"line":428,"column":0},"end":{"line":428,"column":59}},"428":{"start":{"line":429,"column":0},"end":{"line":429,"column":84}},"429":{"start":{"line":430,"column":0},"end":{"line":430,"column":21}},"430":{"start":{"line":431,"column":0},"end":{"line":431,"column":5}},"431":{"start":{"line":432,"column":0},"end":{"line":432,"column":0}},"432":{"start":{"line":433,"column":0},"end":{"line":433,"column":27}},"433":{"start":{"line":434,"column":0},"end":{"line":434,"column":44}},"434":{"start":{"line":435,"column":0},"end":{"line":435,"column":48}},"435":{"start":{"line":436,"column":0},"end":{"line":436,"column":14}},"436":{"start":{"line":437,"column":0},"end":{"line":437,"column":30}},"437":{"start":{"line":438,"column":0},"end":{"line":438,"column":40}},"438":{"start":{"line":439,"column":0},"end":{"line":439,"column":33}},"439":{"start":{"line":440,"column":0},"end":{"line":440,"column":8}},"440":{"start":{"line":441,"column":0},"end":{"line":441,"column":5}},"441":{"start":{"line":442,"column":0},"end":{"line":442,"column":0}},"442":{"start":{"line":443,"column":0},"end":{"line":443,"column":12}},"443":{"start":{"line":444,"column":0},"end":{"line":444,"column":17}},"444":{"start":{"line":445,"column":0},"end":{"line":445,"column":21}},"445":{"start":{"line":446,"column":0},"end":{"line":446,"column":6}},"446":{"start":{"line":447,"column":0},"end":{"line":447,"column":3}},"447":{"start":{"line":448,"column":0},"end":{"line":448,"column":0}},"448":{"start":{"line":449,"column":0},"end":{"line":449,"column":5}},"449":{"start":{"line":450,"column":0},"end":{"line":450,"column":50}},"450":{"start":{"line":451,"column":0},"end":{"line":451,"column":81}},"451":{"start":{"line":452,"column":0},"end":{"line":452,"column":5}},"452":{"start":{"line":453,"column":0},"end":{"line":453,"column":21}},"453":{"start":{"line":454,"column":0},"end":{"line":454,"column":31}},"454":{"start":{"line":455,"column":0},"end":{"line":455,"column":0}},"455":{"start":{"line":456,"column":0},"end":{"line":456,"column":30}},"456":{"start":{"line":457,"column":0},"end":{"line":457,"column":0}},"457":{"start":{"line":458,"column":0},"end":{"line":458,"column":40}},"458":{"start":{"line":459,"column":0},"end":{"line":459,"column":49}},"459":{"start":{"line":460,"column":0},"end":{"line":460,"column":57}},"460":{"start":{"line":461,"column":0},"end":{"line":461,"column":0}},"461":{"start":{"line":462,"column":0},"end":{"line":462,"column":61}},"462":{"start":{"line":463,"column":0},"end":{"line":463,"column":37}},"463":{"start":{"line":464,"column":0},"end":{"line":464,"column":66}},"464":{"start":{"line":465,"column":0},"end":{"line":465,"column":56}},"465":{"start":{"line":466,"column":0},"end":{"line":466,"column":42}},"466":{"start":{"line":467,"column":0},"end":{"line":467,"column":109}},"467":{"start":{"line":468,"column":0},"end":{"line":468,"column":49}},"468":{"start":{"line":469,"column":0},"end":{"line":469,"column":9}},"469":{"start":{"line":470,"column":0},"end":{"line":470,"column":7}},"470":{"start":{"line":471,"column":0},"end":{"line":471,"column":5}},"471":{"start":{"line":472,"column":0},"end":{"line":472,"column":0}},"472":{"start":{"line":473,"column":0},"end":{"line":473,"column":41}},"473":{"start":{"line":474,"column":0},"end":{"line":474,"column":45}},"474":{"start":{"line":475,"column":0},"end":{"line":475,"column":0}},"475":{"start":{"line":476,"column":0},"end":{"line":476,"column":66}},"476":{"start":{"line":477,"column":0},"end":{"line":477,"column":44}},"477":{"start":{"line":478,"column":0},"end":{"line":478,"column":3}},"478":{"start":{"line":479,"column":0},"end":{"line":479,"column":0}},"479":{"start":{"line":480,"column":0},"end":{"line":480,"column":5}},"480":{"start":{"line":481,"column":0},"end":{"line":481,"column":70}},"481":{"start":{"line":482,"column":0},"end":{"line":482,"column":54}},"482":{"start":{"line":483,"column":0},"end":{"line":483,"column":5}},"483":{"start":{"line":484,"column":0},"end":{"line":484,"column":18}},"484":{"start":{"line":485,"column":0},"end":{"line":485,"column":25}},"485":{"start":{"line":486,"column":0},"end":{"line":486,"column":73}},"486":{"start":{"line":487,"column":0},"end":{"line":487,"column":5}},"487":{"start":{"line":488,"column":0},"end":{"line":488,"column":0}},"488":{"start":{"line":489,"column":0},"end":{"line":489,"column":53}},"489":{"start":{"line":490,"column":0},"end":{"line":490,"column":73}},"490":{"start":{"line":491,"column":0},"end":{"line":491,"column":42}},"491":{"start":{"line":492,"column":0},"end":{"line":492,"column":6}},"492":{"start":{"line":493,"column":0},"end":{"line":493,"column":0}},"493":{"start":{"line":494,"column":0},"end":{"line":494,"column":75}},"494":{"start":{"line":495,"column":0},"end":{"line":495,"column":47}},"495":{"start":{"line":496,"column":0},"end":{"line":496,"column":94}},"496":{"start":{"line":497,"column":0},"end":{"line":497,"column":0}},"497":{"start":{"line":498,"column":0},"end":{"line":498,"column":83}},"498":{"start":{"line":499,"column":0},"end":{"line":499,"column":39}},"499":{"start":{"line":500,"column":0},"end":{"line":500,"column":110}},"500":{"start":{"line":501,"column":0},"end":{"line":501,"column":0}},"501":{"start":{"line":502,"column":0},"end":{"line":502,"column":64}},"502":{"start":{"line":503,"column":0},"end":{"line":503,"column":39}},"503":{"start":{"line":504,"column":0},"end":{"line":504,"column":40}},"504":{"start":{"line":505,"column":0},"end":{"line":505,"column":109}},"505":{"start":{"line":506,"column":0},"end":{"line":506,"column":32}},"506":{"start":{"line":507,"column":0},"end":{"line":507,"column":31}},"507":{"start":{"line":508,"column":0},"end":{"line":508,"column":7}},"508":{"start":{"line":509,"column":0},"end":{"line":509,"column":5}},"509":{"start":{"line":510,"column":0},"end":{"line":510,"column":0}},"510":{"start":{"line":511,"column":0},"end":{"line":511,"column":70}},"511":{"start":{"line":512,"column":0},"end":{"line":512,"column":85}},"512":{"start":{"line":513,"column":0},"end":{"line":513,"column":18}},"513":{"start":{"line":514,"column":0},"end":{"line":514,"column":18}},"514":{"start":{"line":515,"column":0},"end":{"line":515,"column":5}},"515":{"start":{"line":516,"column":0},"end":{"line":516,"column":0}},"516":{"start":{"line":517,"column":0},"end":{"line":517,"column":17}},"517":{"start":{"line":518,"column":0},"end":{"line":518,"column":3}},"518":{"start":{"line":519,"column":0},"end":{"line":519,"column":0}},"519":{"start":{"line":520,"column":0},"end":{"line":520,"column":5}},"520":{"start":{"line":521,"column":0},"end":{"line":521,"column":57}},"521":{"start":{"line":522,"column":0},"end":{"line":522,"column":40}},"522":{"start":{"line":523,"column":0},"end":{"line":523,"column":5}},"523":{"start":{"line":524,"column":0},"end":{"line":524,"column":14}},"524":{"start":{"line":525,"column":0},"end":{"line":525,"column":92}},"525":{"start":{"line":526,"column":0},"end":{"line":526,"column":0}},"526":{"start":{"line":527,"column":0},"end":{"line":527,"column":12}},"527":{"start":{"line":528,"column":0},"end":{"line":528,"column":18}},"528":{"start":{"line":529,"column":0},"end":{"line":529,"column":30}},"529":{"start":{"line":530,"column":0},"end":{"line":530,"column":28}},"530":{"start":{"line":531,"column":0},"end":{"line":531,"column":30}},"531":{"start":{"line":532,"column":0},"end":{"line":532,"column":84}},"532":{"start":{"line":533,"column":0},"end":{"line":533,"column":22}},"533":{"start":{"line":534,"column":0},"end":{"line":534,"column":32}},"534":{"start":{"line":535,"column":0},"end":{"line":535,"column":32}},"535":{"start":{"line":536,"column":0},"end":{"line":536,"column":60}},"536":{"start":{"line":537,"column":0},"end":{"line":537,"column":94}},"537":{"start":{"line":538,"column":0},"end":{"line":538,"column":78}},"538":{"start":{"line":539,"column":0},"end":{"line":539,"column":6}},"539":{"start":{"line":540,"column":0},"end":{"line":540,"column":3}},"540":{"start":{"line":541,"column":0},"end":{"line":541,"column":0}},"541":{"start":{"line":542,"column":0},"end":{"line":542,"column":5}},"542":{"start":{"line":543,"column":0},"end":{"line":543,"column":21}},"543":{"start":{"line":544,"column":0},"end":{"line":544,"column":5}},"544":{"start":{"line":545,"column":0},"end":{"line":545,"column":10}},"545":{"start":{"line":546,"column":0},"end":{"line":546,"column":26}},"546":{"start":{"line":547,"column":0},"end":{"line":547,"column":0}},"547":{"start":{"line":548,"column":0},"end":{"line":548,"column":68}},"548":{"start":{"line":549,"column":0},"end":{"line":549,"column":49}},"549":{"start":{"line":550,"column":0},"end":{"line":550,"column":31}},"550":{"start":{"line":551,"column":0},"end":{"line":551,"column":39}},"551":{"start":{"line":552,"column":0},"end":{"line":552,"column":85}},"552":{"start":{"line":553,"column":0},"end":{"line":553,"column":41}},"553":{"start":{"line":554,"column":0},"end":{"line":554,"column":41}},"554":{"start":{"line":555,"column":0},"end":{"line":555,"column":7}},"555":{"start":{"line":556,"column":0},"end":{"line":556,"column":5}},"556":{"start":{"line":557,"column":0},"end":{"line":557,"column":78}},"557":{"start":{"line":558,"column":0},"end":{"line":558,"column":3}},"558":{"start":{"line":559,"column":0},"end":{"line":559,"column":1}}},"s":{"0":1,"1":1,"2":1,"3":1,"4":1,"5":1,"6":1,"7":1,"8":1,"9":1,"10":1,"11":1,"12":1,"13":1,"14":59,"15":59,"16":59,"17":59,"18":59,"19":59,"20":59,"21":59,"22":59,"23":59,"24":59,"25":59,"26":59,"27":59,"28":1,"29":1,"30":1,"31":1,"32":1,"33":1,"34":1,"35":1,"36":86,"37":1,"38":1,"39":85,"40":85,"41":85,"42":85,"43":85,"44":86,"45":56,"46":56,"47":85,"48":85,"49":86,"50":1,"51":1,"52":1,"53":1,"54":1,"55":1,"56":7,"57":7,"58":7,"59":7,"60":5,"61":5,"62":5,"63":5,"64":5,"65":5,"66":8,"67":5,"68":5,"69":5,"70":5,"71":8,"72":5,"73":5,"74":5,"75":5,"76":5,"77":5,"78":0,"79":0,"80":0,"81":0,"82":5,"83":7,"84":7,"85":7,"86":1,"87":1,"88":1,"89":7,"90":1,"91":1,"92":1,"93":1,"94":1,"95":2,"96":1,"97":1,"98":1,"99":1,"100":1,"101":1,"102":1,"103":1,"104":1,"105":1,"106":2,"107":2,"108":2,"109":2,"110":1,"111":1,"112":2,"113":1,"114":1,"115":1,"116":1,"117":1,"118":62,"119":62,"120":62,"121":62,"122":62,"123":62,"124":7505,"125":7505,"126":7505,"127":7505,"128":52535,"129":52535,"130":52535,"131":7505,"132":7505,"133":62,"134":62,"135":62,"136":1,"137":1,"138":1,"139":1,"140":1,"141":1,"142":1,"143":1,"144":1,"145":1,"146":8,"147":1,"148":1,"149":1,"150":1,"151":1,"152":1,"153":1,"154":1,"155":1,"156":8,"157":8,"158":8,"159":8,"160":1,"161":1,"162":1,"163":1,"164":1,"165":1,"166":1,"167":3,"168":3,"169":3,"170":3,"171":3,"172":3,"173":3,"174":3,"175":1,"176":1,"177":1,"178":1,"179":1,"180":1,"181":1,"182":1,"183":1,"184":2,"185":2,"186":3,"187":1,"188":1,"189":1,"190":1,"191":1,"192":1,"193":1,"194":1,"195":1,"196":1,"197":8,"198":8,"199":8,"200":12,"201":22,"202":20,"203":20,"204":20,"205":20,"206":20,"207":20,"208":20,"209":20,"210":20,"211":15,"212":15,"213":20,"214":6,"215":6,"216":20,"217":22,"218":6,"219":2,"220":2,"221":8,"222":1,"223":1,"224":1,"225":1,"226":1,"227":1,"228":1,"229":5,"230":5,"231":5,"232":5,"233":20,"234":80,"235":20,"236":20,"237":20,"238":20,"239":16,"240":16,"241":20,"242":80,"243":20,"244":5,"245":5,"246":5,"247":5,"248":5,"249":5,"250":5,"251":5,"252":5,"253":5,"254":5,"255":5,"256":5,"257":5,"258":5,"259":5,"260":5,"261":5,"262":5,"263":5,"264":5,"265":5,"266":5,"267":1,"268":1,"269":1,"270":1,"271":1,"272":1,"273":1,"274":6,"275":6,"276":6,"277":131,"278":131,"279":11,"280":11,"281":11,"282":11,"283":11,"284":11,"285":11,"286":11,"287":11,"288":131,"289":131,"290":131,"291":6,"292":5,"293":5,"294":5,"295":5,"296":3,"297":3,"298":3,"299":3,"300":3,"301":6,"302":2,"303":2,"304":6,"305":3,"306":3,"307":3,"308":3,"309":3,"310":3,"311":3,"312":3,"313":5,"314":3,"315":3,"316":3,"317":3,"318":3,"319":6,"320":1,"321":1,"322":1,"323":1,"324":1,"325":1,"326":1,"327":1,"328":4,"329":4,"330":3,"331":3,"332":3,"333":3,"334":3,"335":3,"336":3,"337":4,"338":5,"339":5,"340":5,"341":5,"342":5,"343":5,"344":5,"345":5,"346":5,"347":3,"348":3,"349":4,"350":1,"351":1,"352":1,"353":1,"354":2,"355":2,"356":4,"357":1,"358":1,"359":1,"360":1,"361":1,"362":1,"363":1,"364":1,"365":1,"366":5,"367":2,"368":2,"369":3,"370":5,"371":1,"372":1,"373":1,"374":1,"375":2,"376":2,"377":5,"378":1,"379":1,"380":1,"381":1,"382":1,"383":1,"384":1,"385":1,"386":1,"387":5,"388":1,"389":1,"390":1,"391":1,"392":1,"393":1,"394":1,"395":4,"396":2,"397":2,"398":2,"399":2,"400":2,"401":2,"402":2,"403":4,"404":1,"405":1,"406":1,"407":1,"408":1,"409":1,"410":4,"411":1,"412":1,"413":1,"414":1,"415":1,"416":1,"417":1,"418":4,"419":2,"420":2,"421":2,"422":2,"423":2,"424":2,"425":2,"426":2,"427":2,"428":4,"429":5,"430":5,"431":2,"432":4,"433":1,"434":1,"435":1,"436":1,"437":1,"438":1,"439":1,"440":1,"441":1,"442":1,"443":1,"444":1,"445":1,"446":4,"447":1,"448":1,"449":1,"450":1,"451":1,"452":1,"453":3,"454":2,"455":2,"456":2,"457":2,"458":3,"459":4,"460":2,"461":2,"462":2,"463":4,"464":1,"465":1,"466":1,"467":1,"468":1,"469":1,"470":4,"471":2,"472":2,"473":2,"474":2,"475":2,"476":2,"477":3,"478":1,"479":1,"480":1,"481":1,"482":1,"483":1,"484":5,"485":1,"486":1,"487":4,"488":4,"489":4,"490":6,"491":4,"492":4,"493":4,"494":4,"495":5,"496":5,"497":5,"498":5,"499":3,"500":3,"501":3,"502":3,"503":1,"504":1,"505":1,"506":1,"507":1,"508":3,"509":4,"510":5,"511":2,"512":2,"513":2,"514":2,"515":2,"516":2,"517":5,"518":1,"519":1,"520":1,"521":1,"522":1,"523":1,"524":1,"525":1,"526":1,"527":1,"528":1,"529":1,"530":1,"531":1,"532":1,"533":1,"534":1,"535":1,"536":1,"537":1,"538":1,"539":1,"540":1,"541":1,"542":1,"543":1,"544":1,"545":5,"546":5,"547":5,"548":5,"549":9,"550":9,"551":9,"552":8,"553":8,"554":8,"555":9,"556":5,"557":5,"558":1},"branchMap":{"0":{"type":"branch","line":14,"loc":{"start":{"line":14,"column":2},"end":{"line":28,"column":3}},"locations":[{"start":{"line":14,"column":2},"end":{"line":28,"column":3}}]},"1":{"type":"branch","line":36,"loc":{"start":{"line":36,"column":2},"end":{"line":50,"column":3}},"locations":[{"start":{"line":36,"column":2},"end":{"line":50,"column":3}}]},"2":{"type":"branch","line":37,"loc":{"start":{"line":37,"column":46},"end":{"line":39,"column":5}},"locations":[{"start":{"line":37,"column":46},"end":{"line":39,"column":5}}]},"3":{"type":"branch","line":39,"loc":{"start":{"line":39,"column":4},"end":{"line":45,"column":20}},"locations":[{"start":{"line":39,"column":4},"end":{"line":45,"column":20}}]},"4":{"type":"branch","line":45,"loc":{"start":{"line":45,"column":20},"end":{"line":47,"column":5}},"locations":[{"start":{"line":45,"column":20},"end":{"line":47,"column":5}}]},"5":{"type":"branch","line":47,"loc":{"start":{"line":47,"column":4},"end":{"line":50,"column":2}},"locations":[{"start":{"line":47,"column":4},"end":{"line":50,"column":2}}]},"6":{"type":"branch","line":56,"loc":{"start":{"line":56,"column":2},"end":{"line":90,"column":3}},"locations":[{"start":{"line":56,"column":2},"end":{"line":90,"column":3}}]},"7":{"type":"branch","line":60,"loc":{"start":{"line":60,"column":31},"end":{"line":60,"column":55}},"locations":[{"start":{"line":60,"column":31},"end":{"line":60,"column":55}}]},"8":{"type":"branch","line":60,"loc":{"start":{"line":60,"column":57},"end":{"line":83,"column":5}},"locations":[{"start":{"line":60,"column":57},"end":{"line":83,"column":5}}]},"9":{"type":"branch","line":66,"loc":{"start":{"line":66,"column":57},"end":{"line":72,"column":7}},"locations":[{"start":{"line":66,"column":57},"end":{"line":72,"column":7}}]},"10":{"type":"branch","line":67,"loc":{"start":{"line":67,"column":46},"end":{"line":71,"column":9}},"locations":[{"start":{"line":67,"column":46},"end":{"line":71,"column":9}}]},"11":{"type":"branch","line":78,"loc":{"start":{"line":78,"column":7},"end":{"line":82,"column":7}},"locations":[{"start":{"line":78,"column":7},"end":{"line":82,"column":7}}]},"12":{"type":"branch","line":86,"loc":{"start":{"line":86,"column":33},"end":{"line":89,"column":5}},"locations":[{"start":{"line":86,"column":33},"end":{"line":89,"column":5}}]},"13":{"type":"branch","line":95,"loc":{"start":{"line":95,"column":2},"end":{"line":113,"column":3}},"locations":[{"start":{"line":95,"column":2},"end":{"line":113,"column":3}}]},"14":{"type":"branch","line":96,"loc":{"start":{"line":96,"column":33},"end":{"line":107,"column":48}},"locations":[{"start":{"line":96,"column":33},"end":{"line":107,"column":48}}]},"15":{"type":"branch","line":110,"loc":{"start":{"line":110,"column":4},"end":{"line":113,"column":2}},"locations":[{"start":{"line":110,"column":4},"end":{"line":113,"column":2}}]},"16":{"type":"branch","line":118,"loc":{"start":{"line":118,"column":2},"end":{"line":136,"column":3}},"locations":[{"start":{"line":118,"column":2},"end":{"line":136,"column":3}}]},"17":{"type":"branch","line":124,"loc":{"start":{"line":124,"column":38},"end":{"line":133,"column":5}},"locations":[{"start":{"line":124,"column":38},"end":{"line":133,"column":5}}]},"18":{"type":"branch","line":128,"loc":{"start":{"line":128,"column":54},"end":{"line":131,"column":7}},"locations":[{"start":{"line":128,"column":54},"end":{"line":131,"column":7}}]},"19":{"type":"branch","line":146,"loc":{"start":{"line":146,"column":2},"end":{"line":160,"column":3}},"locations":[{"start":{"line":146,"column":2},"end":{"line":160,"column":3}}]},"20":{"type":"branch","line":147,"loc":{"start":{"line":147,"column":61},"end":{"line":156,"column":5}},"locations":[{"start":{"line":147,"column":61},"end":{"line":156,"column":5}}]},"21":{"type":"branch","line":167,"loc":{"start":{"line":167,"column":2},"end":{"line":187,"column":3}},"locations":[{"start":{"line":167,"column":2},"end":{"line":187,"column":3}}]},"22":{"type":"branch","line":168,"loc":{"start":{"line":168,"column":46},"end":{"line":168,"column":69}},"locations":[{"start":{"line":168,"column":46},"end":{"line":168,"column":69}}]},"23":{"type":"branch","line":168,"loc":{"start":{"line":168,"column":70},"end":{"line":168,"column":110}},"locations":[{"start":{"line":168,"column":70},"end":{"line":168,"column":110}}]},"24":{"type":"branch","line":175,"loc":{"start":{"line":175,"column":58},"end":{"line":184,"column":5}},"locations":[{"start":{"line":175,"column":58},"end":{"line":184,"column":5}}]},"25":{"type":"branch","line":184,"loc":{"start":{"line":184,"column":4},"end":{"line":187,"column":2}},"locations":[{"start":{"line":184,"column":4},"end":{"line":187,"column":2}}]},"26":{"type":"branch","line":197,"loc":{"start":{"line":197,"column":2},"end":{"line":222,"column":3}},"locations":[{"start":{"line":197,"column":2},"end":{"line":222,"column":3}}]},"27":{"type":"branch","line":200,"loc":{"start":{"line":200,"column":44},"end":{"line":219,"column":5}},"locations":[{"start":{"line":200,"column":44},"end":{"line":219,"column":5}}]},"28":{"type":"branch","line":201,"loc":{"start":{"line":201,"column":49},"end":{"line":218,"column":7}},"locations":[{"start":{"line":201,"column":49},"end":{"line":218,"column":7}}]},"29":{"type":"branch","line":202,"loc":{"start":{"line":202,"column":32},"end":{"line":217,"column":9}},"locations":[{"start":{"line":202,"column":32},"end":{"line":217,"column":9}}]},"30":{"type":"branch","line":208,"loc":{"start":{"line":208,"column":21},"end":{"line":209,"column":41}},"locations":[{"start":{"line":208,"column":21},"end":{"line":209,"column":41}}]},"31":{"type":"branch","line":209,"loc":{"start":{"line":209,"column":42},"end":{"line":210,"column":20}},"locations":[{"start":{"line":209,"column":42},"end":{"line":210,"column":20}}]},"32":{"type":"branch","line":210,"loc":{"start":{"line":210,"column":21},"end":{"line":211,"column":38}},"locations":[{"start":{"line":210,"column":21},"end":{"line":211,"column":38}}]},"33":{"type":"branch","line":211,"loc":{"start":{"line":211,"column":39},"end":{"line":213,"column":56}},"locations":[{"start":{"line":211,"column":39},"end":{"line":213,"column":56}}]},"34":{"type":"branch","line":214,"loc":{"start":{"line":214,"column":12},"end":{"line":216,"column":11}},"locations":[{"start":{"line":214,"column":12},"end":{"line":216,"column":11}}]},"35":{"type":"branch","line":218,"loc":{"start":{"line":218,"column":6},"end":{"line":219,"column":5}},"locations":[{"start":{"line":218,"column":6},"end":{"line":219,"column":5}}]},"36":{"type":"branch","line":219,"loc":{"start":{"line":219,"column":4},"end":{"line":222,"column":2}},"locations":[{"start":{"line":219,"column":4},"end":{"line":222,"column":2}}]},"37":{"type":"branch","line":229,"loc":{"start":{"line":229,"column":2},"end":{"line":267,"column":3}},"locations":[{"start":{"line":229,"column":2},"end":{"line":267,"column":3}}]},"38":{"type":"branch","line":233,"loc":{"start":{"line":233,"column":44},"end":{"line":244,"column":5}},"locations":[{"start":{"line":233,"column":44},"end":{"line":244,"column":5}}]},"39":{"type":"branch","line":234,"loc":{"start":{"line":234,"column":49},"end":{"line":243,"column":7}},"locations":[{"start":{"line":234,"column":49},"end":{"line":243,"column":7}}]},"40":{"type":"branch","line":235,"loc":{"start":{"line":235,"column":32},"end":{"line":242,"column":9}},"locations":[{"start":{"line":235,"column":32},"end":{"line":242,"column":9}}]},"41":{"type":"branch","line":239,"loc":{"start":{"line":239,"column":26},"end":{"line":241,"column":11}},"locations":[{"start":{"line":239,"column":26},"end":{"line":241,"column":11}}]},"42":{"type":"branch","line":274,"loc":{"start":{"line":274,"column":2},"end":{"line":320,"column":3}},"locations":[{"start":{"line":274,"column":2},"end":{"line":320,"column":3}}]},"43":{"type":"branch","line":277,"loc":{"start":{"line":277,"column":54},"end":{"line":292,"column":26}},"locations":[{"start":{"line":277,"column":54},"end":{"line":292,"column":26}}]},"44":{"type":"branch","line":279,"loc":{"start":{"line":279,"column":52},"end":{"line":288,"column":7}},"locations":[{"start":{"line":279,"column":52},"end":{"line":288,"column":7}}]},"45":{"type":"branch","line":292,"loc":{"start":{"line":292,"column":26},"end":{"line":314,"column":5}},"locations":[{"start":{"line":292,"column":26},"end":{"line":314,"column":5}}]},"46":{"type":"branch","line":296,"loc":{"start":{"line":296,"column":53},"end":{"line":313,"column":7}},"locations":[{"start":{"line":296,"column":53},"end":{"line":313,"column":7}}]},"47":{"type":"branch","line":301,"loc":{"start":{"line":301,"column":70},"end":{"line":305,"column":9}},"locations":[{"start":{"line":301,"column":70},"end":{"line":305,"column":9}}]},"48":{"type":"branch","line":302,"loc":{"start":{"line":302,"column":37},"end":{"line":302,"column":61}},"locations":[{"start":{"line":302,"column":37},"end":{"line":302,"column":61}}]},"49":{"type":"branch","line":302,"loc":{"start":{"line":302,"column":63},"end":{"line":304,"column":11}},"locations":[{"start":{"line":302,"column":63},"end":{"line":304,"column":11}}]},"50":{"type":"branch","line":314,"loc":{"start":{"line":314,"column":4},"end":{"line":320,"column":2}},"locations":[{"start":{"line":314,"column":4},"end":{"line":320,"column":2}}]},"51":{"type":"branch","line":279,"loc":{"start":{"line":279,"column":31},"end":{"line":279,"column":49}},"locations":[{"start":{"line":279,"column":31},"end":{"line":279,"column":49}}]},"52":{"type":"branch","line":328,"loc":{"start":{"line":328,"column":2},"end":{"line":357,"column":3}},"locations":[{"start":{"line":328,"column":2},"end":{"line":357,"column":3}}]},"53":{"type":"branch","line":330,"loc":{"start":{"line":330,"column":25},"end":{"line":330,"column":38}},"locations":[{"start":{"line":330,"column":25},"end":{"line":330,"column":38}}]},"54":{"type":"branch","line":330,"loc":{"start":{"line":330,"column":37},"end":{"line":338,"column":39}},"locations":[{"start":{"line":330,"column":37},"end":{"line":338,"column":39}}]},"55":{"type":"branch","line":338,"loc":{"start":{"line":338,"column":39},"end":{"line":347,"column":5}},"locations":[{"start":{"line":338,"column":39},"end":{"line":347,"column":5}}]},"56":{"type":"branch","line":347,"loc":{"start":{"line":347,"column":4},"end":{"line":350,"column":79}},"locations":[{"start":{"line":347,"column":4},"end":{"line":350,"column":79}}]},"57":{"type":"branch","line":350,"loc":{"start":{"line":350,"column":81},"end":{"line":354,"column":5}},"locations":[{"start":{"line":350,"column":81},"end":{"line":354,"column":5}}]},"58":{"type":"branch","line":354,"loc":{"start":{"line":354,"column":4},"end":{"line":357,"column":2}},"locations":[{"start":{"line":354,"column":4},"end":{"line":357,"column":2}}]},"59":{"type":"branch","line":366,"loc":{"start":{"line":366,"column":2},"end":{"line":388,"column":3}},"locations":[{"start":{"line":366,"column":2},"end":{"line":388,"column":3}}]},"60":{"type":"branch","line":367,"loc":{"start":{"line":367,"column":29},"end":{"line":367,"column":47}},"locations":[{"start":{"line":367,"column":29},"end":{"line":367,"column":47}}]},"61":{"type":"branch","line":367,"loc":{"start":{"line":367,"column":48},"end":{"line":367,"column":68}},"locations":[{"start":{"line":367,"column":48},"end":{"line":367,"column":68}}]},"62":{"type":"branch","line":367,"loc":{"start":{"line":367,"column":70},"end":{"line":369,"column":5}},"locations":[{"start":{"line":367,"column":70},"end":{"line":369,"column":5}}]},"63":{"type":"branch","line":369,"loc":{"start":{"line":369,"column":4},"end":{"line":371,"column":67}},"locations":[{"start":{"line":369,"column":4},"end":{"line":371,"column":67}}]},"64":{"type":"branch","line":371,"loc":{"start":{"line":371,"column":67},"end":{"line":375,"column":5}},"locations":[{"start":{"line":371,"column":67},"end":{"line":375,"column":5}}]},"65":{"type":"branch","line":375,"loc":{"start":{"line":375,"column":4},"end":{"line":378,"column":16}},"locations":[{"start":{"line":375,"column":4},"end":{"line":378,"column":16}}]},"66":{"type":"branch","line":378,"loc":{"start":{"line":378,"column":16},"end":{"line":388,"column":2}},"locations":[{"start":{"line":378,"column":16},"end":{"line":388,"column":2}}]},"67":{"type":"branch","line":395,"loc":{"start":{"line":395,"column":2},"end":{"line":411,"column":3}},"locations":[{"start":{"line":395,"column":2},"end":{"line":411,"column":3}}]},"68":{"type":"branch","line":396,"loc":{"start":{"line":396,"column":29},"end":{"line":396,"column":47}},"locations":[{"start":{"line":396,"column":29},"end":{"line":396,"column":47}}]},"69":{"type":"branch","line":396,"loc":{"start":{"line":396,"column":48},"end":{"line":396,"column":68}},"locations":[{"start":{"line":396,"column":48},"end":{"line":396,"column":68}}]},"70":{"type":"branch","line":396,"loc":{"start":{"line":396,"column":70},"end":{"line":404,"column":52}},"locations":[{"start":{"line":396,"column":70},"end":{"line":404,"column":52}}]},"71":{"type":"branch","line":404,"loc":{"start":{"line":404,"column":52},"end":{"line":411,"column":2}},"locations":[{"start":{"line":404,"column":52},"end":{"line":411,"column":2}}]},"72":{"type":"branch","line":418,"loc":{"start":{"line":418,"column":2},"end":{"line":447,"column":3}},"locations":[{"start":{"line":418,"column":2},"end":{"line":447,"column":3}}]},"73":{"type":"branch","line":419,"loc":{"start":{"line":419,"column":29},"end":{"line":419,"column":47}},"locations":[{"start":{"line":419,"column":29},"end":{"line":419,"column":47}}]},"74":{"type":"branch","line":419,"loc":{"start":{"line":419,"column":48},"end":{"line":419,"column":68}},"locations":[{"start":{"line":419,"column":48},"end":{"line":419,"column":68}}]},"75":{"type":"branch","line":419,"loc":{"start":{"line":419,"column":70},"end":{"line":429,"column":83}},"locations":[{"start":{"line":419,"column":70},"end":{"line":429,"column":83}}]},"76":{"type":"branch","line":429,"loc":{"start":{"line":429,"column":83},"end":{"line":431,"column":5}},"locations":[{"start":{"line":429,"column":83},"end":{"line":431,"column":5}}]},"77":{"type":"branch","line":431,"loc":{"start":{"line":431,"column":4},"end":{"line":433,"column":26}},"locations":[{"start":{"line":431,"column":4},"end":{"line":433,"column":26}}]},"78":{"type":"branch","line":433,"loc":{"start":{"line":433,"column":26},"end":{"line":447,"column":2}},"locations":[{"start":{"line":433,"column":26},"end":{"line":447,"column":2}}]},"79":{"type":"branch","line":453,"loc":{"start":{"line":453,"column":2},"end":{"line":478,"column":3}},"locations":[{"start":{"line":453,"column":2},"end":{"line":478,"column":3}}]},"80":{"type":"branch","line":454,"loc":{"start":{"line":454,"column":24},"end":{"line":454,"column":31}},"locations":[{"start":{"line":454,"column":24},"end":{"line":454,"column":31}}]},"81":{"type":"branch","line":454,"loc":{"start":{"line":454,"column":30},"end":{"line":459,"column":48}},"locations":[{"start":{"line":454,"column":30},"end":{"line":459,"column":48}}]},"82":{"type":"branch","line":459,"loc":{"start":{"line":459,"column":48},"end":{"line":471,"column":5}},"locations":[{"start":{"line":459,"column":48},"end":{"line":471,"column":5}}]},"83":{"type":"branch","line":460,"loc":{"start":{"line":460,"column":28},"end":{"line":460,"column":46}},"locations":[{"start":{"line":460,"column":28},"end":{"line":460,"column":46}}]},"84":{"type":"branch","line":460,"loc":{"start":{"line":460,"column":48},"end":{"line":464,"column":65}},"locations":[{"start":{"line":460,"column":48},"end":{"line":464,"column":65}}]},"85":{"type":"branch","line":464,"loc":{"start":{"line":464,"column":65},"end":{"line":470,"column":7}},"locations":[{"start":{"line":464,"column":65},"end":{"line":470,"column":7}}]},"86":{"type":"branch","line":471,"loc":{"start":{"line":471,"column":4},"end":{"line":478,"column":2}},"locations":[{"start":{"line":471,"column":4},"end":{"line":478,"column":2}}]},"87":{"type":"branch","line":484,"loc":{"start":{"line":484,"column":2},"end":{"line":518,"column":3}},"locations":[{"start":{"line":484,"column":2},"end":{"line":518,"column":3}}]},"88":{"type":"branch","line":485,"loc":{"start":{"line":485,"column":24},"end":{"line":487,"column":5}},"locations":[{"start":{"line":485,"column":24},"end":{"line":487,"column":5}}]},"89":{"type":"branch","line":487,"loc":{"start":{"line":487,"column":4},"end":{"line":496,"column":42}},"locations":[{"start":{"line":487,"column":4},"end":{"line":496,"column":42}}]},"90":{"type":"branch","line":496,"loc":{"start":{"line":496,"column":42},"end":{"line":496,"column":93}},"locations":[{"start":{"line":496,"column":42},"end":{"line":496,"column":93}}]},"91":{"type":"branch","line":499,"loc":{"start":{"line":499,"column":20},"end":{"line":499,"column":36}},"locations":[{"start":{"line":499,"column":20},"end":{"line":499,"column":36}}]},"92":{"type":"branch","line":499,"loc":{"start":{"line":499,"column":38},"end":{"line":509,"column":5}},"locations":[{"start":{"line":499,"column":38},"end":{"line":509,"column":5}}]},"93":{"type":"branch","line":503,"loc":{"start":{"line":503,"column":38},"end":{"line":508,"column":7}},"locations":[{"start":{"line":503,"column":38},"end":{"line":508,"column":7}}]},"94":{"type":"branch","line":509,"loc":{"start":{"line":509,"column":4},"end":{"line":511,"column":28}},"locations":[{"start":{"line":509,"column":4},"end":{"line":511,"column":28}}]},"95":{"type":"branch","line":511,"loc":{"start":{"line":511,"column":28},"end":{"line":511,"column":49}},"locations":[{"start":{"line":511,"column":28},"end":{"line":511,"column":49}}]},"96":{"type":"branch","line":511,"loc":{"start":{"line":511,"column":51},"end":{"line":511,"column":67}},"locations":[{"start":{"line":511,"column":51},"end":{"line":511,"column":67}}]},"97":{"type":"branch","line":511,"loc":{"start":{"line":511,"column":69},"end":{"line":518,"column":2}},"locations":[{"start":{"line":511,"column":69},"end":{"line":518,"column":2}}]},"98":{"type":"branch","line":490,"loc":{"start":{"line":490,"column":64},"end":{"line":491,"column":42}},"locations":[{"start":{"line":490,"column":64},"end":{"line":491,"column":42}}]},"99":{"type":"branch","line":491,"loc":{"start":{"line":491,"column":22},"end":{"line":491,"column":42}},"locations":[{"start":{"line":491,"column":22},"end":{"line":491,"column":42}}]},"100":{"type":"branch","line":500,"loc":{"start":{"line":500,"column":62},"end":{"line":500,"column":108}},"locations":[{"start":{"line":500,"column":62},"end":{"line":500,"column":108}}]},"101":{"type":"branch","line":500,"loc":{"start":{"line":500,"column":89},"end":{"line":500,"column":108}},"locations":[{"start":{"line":500,"column":89},"end":{"line":500,"column":108}}]},"102":{"type":"branch","line":524,"loc":{"start":{"line":524,"column":2},"end":{"line":540,"column":3}},"locations":[{"start":{"line":524,"column":2},"end":{"line":540,"column":3}}]},"103":{"type":"branch","line":525,"loc":{"start":{"line":525,"column":63},"end":{"line":525,"column":90}},"locations":[{"start":{"line":525,"column":63},"end":{"line":525,"column":90}}]},"104":{"type":"branch","line":545,"loc":{"start":{"line":545,"column":2},"end":{"line":558,"column":3}},"locations":[{"start":{"line":545,"column":2},"end":{"line":558,"column":3}}]},"105":{"type":"branch","line":549,"loc":{"start":{"line":549,"column":48},"end":{"line":556,"column":5}},"locations":[{"start":{"line":549,"column":48},"end":{"line":556,"column":5}}]},"106":{"type":"branch","line":552,"loc":{"start":{"line":552,"column":30},"end":{"line":555,"column":7}},"locations":[{"start":{"line":552,"column":30},"end":{"line":555,"column":7}}]}},"b":{"0":[59],"1":[86],"2":[1],"3":[85],"4":[56],"5":[85],"6":[7],"7":[6],"8":[5],"9":[8],"10":[5],"11":[0],"12":[1],"13":[2],"14":[1],"15":[1],"16":[62],"17":[7505],"18":[52535],"19":[8],"20":[1],"21":[3],"22":[1],"23":[2],"24":[1],"25":[2],"26":[8],"27":[12],"28":[22],"29":[20],"30":[19],"31":[18],"32":[16],"33":[15],"34":[6],"35":[6],"36":[2],"37":[5],"38":[20],"39":[80],"40":[20],"41":[16],"42":[6],"43":[131],"44":[11],"45":[5],"46":[3],"47":[6],"48":[3],"49":[2],"50":[3],"51":[230],"52":[4],"53":[1],"54":[3],"55":[5],"56":[3],"57":[1],"58":[2],"59":[5],"60":[4],"61":[4],"62":[2],"63":[3],"64":[1],"65":[2],"66":[1],"67":[4],"68":[3],"69":[3],"70":[2],"71":[1],"72":[4],"73":[3],"74":[3],"75":[2],"76":[5],"77":[2],"78":[1],"79":[3],"80":[1],"81":[2],"82":[4],"83":[3],"84":[2],"85":[1],"86":[2],"87":[5],"88":[1],"89":[4],"90":[1],"91":[3],"92":[3],"93":[1],"94":[4],"95":[2],"96":[2],"97":[2],"98":[6],"99":[2],"100":[6],"101":[3],"102":[1],"103":[2],"104":[5],"105":[9],"106":[8]},"fnMap":{"0":{"name":"Game","decl":{"start":{"line":14,"column":2},"end":{"line":28,"column":3}},"loc":{"start":{"line":14,"column":2},"end":{"line":28,"column":3}},"line":14},"1":{"name":"addPlayer","decl":{"start":{"line":36,"column":2},"end":{"line":50,"column":3}},"loc":{"start":{"line":36,"column":2},"end":{"line":50,"column":3}},"line":36},"2":{"name":"removePlayer","decl":{"start":{"line":56,"column":2},"end":{"line":90,"column":3}},"loc":{"start":{"line":56,"column":2},"end":{"line":90,"column":3}},"line":56},"3":{"name":"start","decl":{"start":{"line":95,"column":2},"end":{"line":113,"column":3}},"loc":{"start":{"line":95,"column":2},"end":{"line":113,"column":3}},"line":95},"4":{"name":"generateSharedPieceSequence","decl":{"start":{"line":118,"column":2},"end":{"line":136,"column":3}},"loc":{"start":{"line":118,"column":2},"end":{"line":136,"column":3}},"line":118},"5":{"name":"getNextPieceTypeForPlayer","decl":{"start":{"line":146,"column":2},"end":{"line":160,"column":3}},"loc":{"start":{"line":146,"column":2},"end":{"line":160,"column":3}},"line":146},"6":{"name":"spawnPiece","decl":{"start":{"line":167,"column":2},"end":{"line":187,"column":3}},"loc":{"start":{"line":167,"column":2},"end":{"line":187,"column":3}},"line":167},"7":{"name":"checkCollision","decl":{"start":{"line":197,"column":2},"end":{"line":222,"column":3}},"loc":{"start":{"line":197,"column":2},"end":{"line":222,"column":3}},"line":197},"8":{"name":"lockPiece","decl":{"start":{"line":229,"column":2},"end":{"line":267,"column":3}},"loc":{"start":{"line":229,"column":2},"end":{"line":267,"column":3}},"line":229},"9":{"name":"checkLines","decl":{"start":{"line":274,"column":2},"end":{"line":320,"column":3}},"loc":{"start":{"line":274,"column":2},"end":{"line":320,"column":3}},"line":274},"10":{"name":"addPenaltyLines","decl":{"start":{"line":328,"column":2},"end":{"line":357,"column":3}},"loc":{"start":{"line":328,"column":2},"end":{"line":357,"column":3}},"line":328},"11":{"name":"movePiece","decl":{"start":{"line":366,"column":2},"end":{"line":388,"column":3}},"loc":{"start":{"line":366,"column":2},"end":{"line":388,"column":3}},"line":366},"12":{"name":"rotatePiece","decl":{"start":{"line":395,"column":2},"end":{"line":411,"column":3}},"loc":{"start":{"line":395,"column":2},"end":{"line":411,"column":3}},"line":395},"13":{"name":"dropPiece","decl":{"start":{"line":418,"column":2},"end":{"line":447,"column":3}},"loc":{"start":{"line":418,"column":2},"end":{"line":447,"column":3}},"line":418},"14":{"name":"update","decl":{"start":{"line":453,"column":2},"end":{"line":478,"column":3}},"loc":{"start":{"line":453,"column":2},"end":{"line":478,"column":3}},"line":453},"15":{"name":"checkGameEnd","decl":{"start":{"line":484,"column":2},"end":{"line":518,"column":3}},"loc":{"start":{"line":484,"column":2},"end":{"line":518,"column":3}},"line":484},"16":{"name":"getState","decl":{"start":{"line":524,"column":2},"end":{"line":540,"column":3}},"loc":{"start":{"line":524,"column":2},"end":{"line":540,"column":3}},"line":524},"17":{"name":"stop","decl":{"start":{"line":545,"column":2},"end":{"line":558,"column":3}},"loc":{"start":{"line":545,"column":2},"end":{"line":558,"column":3}},"line":545}},"f":{"0":59,"1":86,"2":7,"3":2,"4":62,"5":8,"6":3,"7":8,"8":5,"9":6,"10":4,"11":5,"12":4,"13":4,"14":3,"15":5,"16":1,"17":5}}
,"/Users/bilelgh/Documents/RNCP7/WEB SUJETS/RED-TETRIS/server/src/models/Piece.js": {"path":"/Users/bilelgh/Documents/RNCP7/WEB SUJETS/RED-TETRIS/server/src/models/Piece.js","all":false,"statementMap":{"0":{"start":{"line":1,"column":0},"end":{"line":1,"column":3}},"1":{"start":{"line":2,"column":0},"end":{"line":2,"column":42}},"2":{"start":{"line":3,"column":0},"end":{"line":3,"column":3}},"3":{"start":{"line":4,"column":0},"end":{"line":4,"column":20}},"4":{"start":{"line":5,"column":0},"end":{"line":5,"column":5}},"5":{"start":{"line":6,"column":0},"end":{"line":6,"column":65}},"6":{"start":{"line":7,"column":0},"end":{"line":7,"column":24}},"7":{"start":{"line":8,"column":0},"end":{"line":8,"column":5}},"8":{"start":{"line":9,"column":0},"end":{"line":9,"column":19}},"9":{"start":{"line":10,"column":0},"end":{"line":10,"column":8}},"10":{"start":{"line":11,"column":0},"end":{"line":11,"column":19}},"11":{"start":{"line":12,"column":0},"end":{"line":12,"column":19}},"12":{"start":{"line":13,"column":0},"end":{"line":13,"column":19}},"13":{"start":{"line":14,"column":0},"end":{"line":14,"column":18}},"14":{"start":{"line":15,"column":0},"end":{"line":15,"column":6}},"15":{"start":{"line":16,"column":0},"end":{"line":16,"column":8}},"16":{"start":{"line":17,"column":0},"end":{"line":17,"column":13}},"17":{"start":{"line":18,"column":0},"end":{"line":18,"column":12}},"18":{"start":{"line":19,"column":0},"end":{"line":19,"column":6}},"19":{"start":{"line":20,"column":0},"end":{"line":20,"column":8}},"20":{"start":{"line":21,"column":0},"end":{"line":21,"column":16}},"21":{"start":{"line":22,"column":0},"end":{"line":22,"column":16}},"22":{"start":{"line":23,"column":0},"end":{"line":23,"column":15}},"23":{"start":{"line":24,"column":0},"end":{"line":24,"column":6}},"24":{"start":{"line":25,"column":0},"end":{"line":25,"column":8}},"25":{"start":{"line":26,"column":0},"end":{"line":26,"column":16}},"26":{"start":{"line":27,"column":0},"end":{"line":27,"column":16}},"27":{"start":{"line":28,"column":0},"end":{"line":28,"column":15}},"28":{"start":{"line":29,"column":0},"end":{"line":29,"column":6}},"29":{"start":{"line":30,"column":0},"end":{"line":30,"column":8}},"30":{"start":{"line":31,"column":0},"end":{"line":31,"column":16}},"31":{"start":{"line":32,"column":0},"end":{"line":32,"column":16}},"32":{"start":{"line":33,"column":0},"end":{"line":33,"column":15}},"33":{"start":{"line":34,"column":0},"end":{"line":34,"column":6}},"34":{"start":{"line":35,"column":0},"end":{"line":35,"column":8}},"35":{"start":{"line":36,"column":0},"end":{"line":36,"column":16}},"36":{"start":{"line":37,"column":0},"end":{"line":37,"column":16}},"37":{"start":{"line":38,"column":0},"end":{"line":38,"column":15}},"38":{"start":{"line":39,"column":0},"end":{"line":39,"column":6}},"39":{"start":{"line":40,"column":0},"end":{"line":40,"column":8}},"40":{"start":{"line":41,"column":0},"end":{"line":41,"column":16}},"41":{"start":{"line":42,"column":0},"end":{"line":42,"column":16}},"42":{"start":{"line":43,"column":0},"end":{"line":43,"column":15}},"43":{"start":{"line":44,"column":0},"end":{"line":44,"column":5}},"44":{"start":{"line":45,"column":0},"end":{"line":45,"column":4}},"45":{"start":{"line":46,"column":0},"end":{"line":46,"column":0}},"46":{"start":{"line":47,"column":0},"end":{"line":47,"column":5}},"47":{"start":{"line":48,"column":0},"end":{"line":48,"column":46}},"48":{"start":{"line":49,"column":0},"end":{"line":49,"column":5}},"49":{"start":{"line":50,"column":0},"end":{"line":50,"column":19}},"50":{"start":{"line":51,"column":0},"end":{"line":51,"column":14}},"51":{"start":{"line":52,"column":0},"end":{"line":52,"column":16}},"52":{"start":{"line":53,"column":0},"end":{"line":53,"column":16}},"53":{"start":{"line":54,"column":0},"end":{"line":54,"column":15}},"54":{"start":{"line":55,"column":0},"end":{"line":55,"column":13}},"55":{"start":{"line":56,"column":0},"end":{"line":56,"column":14}},"56":{"start":{"line":57,"column":0},"end":{"line":57,"column":15}},"57":{"start":{"line":58,"column":0},"end":{"line":58,"column":4}},"58":{"start":{"line":59,"column":0},"end":{"line":59,"column":0}},"59":{"start":{"line":60,"column":0},"end":{"line":60,"column":5}},"60":{"start":{"line":61,"column":0},"end":{"line":61,"column":28}},"61":{"start":{"line":62,"column":0},"end":{"line":62,"column":63}},"62":{"start":{"line":63,"column":0},"end":{"line":63,"column":44}},"63":{"start":{"line":64,"column":0},"end":{"line":64,"column":44}},"64":{"start":{"line":65,"column":0},"end":{"line":65,"column":5}},"65":{"start":{"line":66,"column":0},"end":{"line":66,"column":35}},"66":{"start":{"line":67,"column":0},"end":{"line":67,"column":52}},"67":{"start":{"line":68,"column":0},"end":{"line":68,"column":57}},"68":{"start":{"line":69,"column":0},"end":{"line":69,"column":5}},"69":{"start":{"line":70,"column":0},"end":{"line":70,"column":0}},"70":{"start":{"line":71,"column":0},"end":{"line":71,"column":21}},"71":{"start":{"line":72,"column":0},"end":{"line":72,"column":64}},"72":{"start":{"line":73,"column":0},"end":{"line":73,"column":36}},"73":{"start":{"line":74,"column":0},"end":{"line":74,"column":15}},"74":{"start":{"line":75,"column":0},"end":{"line":75,"column":15}},"75":{"start":{"line":76,"column":0},"end":{"line":76,"column":58}},"76":{"start":{"line":77,"column":0},"end":{"line":77,"column":3}},"77":{"start":{"line":78,"column":0},"end":{"line":78,"column":0}},"78":{"start":{"line":79,"column":0},"end":{"line":79,"column":5}},"79":{"start":{"line":80,"column":0},"end":{"line":80,"column":28}},"80":{"start":{"line":81,"column":0},"end":{"line":81,"column":53}},"81":{"start":{"line":82,"column":0},"end":{"line":82,"column":5}},"82":{"start":{"line":83,"column":0},"end":{"line":83,"column":11}},"83":{"start":{"line":84,"column":0},"end":{"line":84,"column":55}},"84":{"start":{"line":85,"column":0},"end":{"line":85,"column":57}},"85":{"start":{"line":86,"column":0},"end":{"line":86,"column":35}},"86":{"start":{"line":87,"column":0},"end":{"line":87,"column":17}},"87":{"start":{"line":88,"column":0},"end":{"line":88,"column":3}},"88":{"start":{"line":89,"column":0},"end":{"line":89,"column":0}},"89":{"start":{"line":90,"column":0},"end":{"line":90,"column":5}},"90":{"start":{"line":91,"column":0},"end":{"line":91,"column":47}},"91":{"start":{"line":9
[...]
:{"line":393,"column":0},"end":{"line":393,"column":21}},"393":{"start":{"line":394,"column":0},"end":{"line":394,"column":24}},"394":{"start":{"line":395,"column":0},"end":{"line":395,"column":70}},"395":{"start":{"line":396,"column":0},"end":{"line":396,"column":59}},"396":{"start":{"line":397,"column":0},"end":{"line":397,"column":36}},"397":{"start":{"line":398,"column":0},"end":{"line":398,"column":41}},"398":{"start":{"line":399,"column":0},"end":{"line":399,"column":40}},"399":{"start":{"line":400,"column":0},"end":{"line":400,"column":39}},"400":{"start":{"line":401,"column":0},"end":{"line":401,"column":21}},"401":{"start":{"line":402,"column":0},"end":{"line":402,"column":17}},"402":{"start":{"line":403,"column":0},"end":{"line":403,"column":15}},"403":{"start":{"line":404,"column":0},"end":{"line":404,"column":20}},"404":{"start":{"line":405,"column":0},"end":{"line":405,"column":97}},"405":{"start":{"line":406,"column":0},"end":{"line":406,"column":51}},"406":{"start":{"line":407,"column":0},"end":{"line":407,"column":32}},"407":{"start":{"line":408,"column":0},"end":{"line":408,"column":25}},"408":{"start":{"line":409,"column":0},"end":{"line":409,"column":39}},"409":{"start":{"line":410,"column":0},"end":{"line":410,"column":33}},"410":{"start":{"line":411,"column":0},"end":{"line":411,"column":39}},"411":{"start":{"line":412,"column":0},"end":{"line":412,"column":17}},"412":{"start":{"line":413,"column":0},"end":{"line":413,"column":17}},"413":{"start":{"line":414,"column":0},"end":{"line":414,"column":13}},"414":{"start":{"line":415,"column":0},"end":{"line":415,"column":11}},"415":{"start":{"line":416,"column":0},"end":{"line":416,"column":25}},"416":{"start":{"line":417,"column":0},"end":{"line":417,"column":60}},"417":{"start":{"line":418,"column":0},"end":{"line":418,"column":20}},"418":{"start":{"line":419,"column":0},"end":{"line":419,"column":27}},"419":{"start":{"line":420,"column":0},"end":{"line":420,"column":71}},"420":{"start":{"line":421,"column":0},"end":{"line":421,"column":13}},"421":{"start":{"line":422,"column":0},"end":{"line":422,"column":9}},"422":{"start":{"line":423,"column":0},"end":{"line":423,"column":9}},"423":{"start":{"line":424,"column":0},"end":{"line":424,"column":0}},"424":{"start":{"line":425,"column":0},"end":{"line":425,"column":42}},"425":{"start":{"line":426,"column":0},"end":{"line":426,"column":0}},"426":{"start":{"line":427,"column":0},"end":{"line":427,"column":37}},"427":{"start":{"line":428,"column":0},"end":{"line":428,"column":55}},"428":{"start":{"line":429,"column":0},"end":{"line":429,"column":0}},"429":{"start":{"line":430,"column":0},"end":{"line":430,"column":61}},"430":{"start":{"line":431,"column":0},"end":{"line":431,"column":63}},"431":{"start":{"line":432,"column":0},"end":{"line":432,"column":0}},"432":{"start":{"line":433,"column":0},"end":{"line":433,"column":19}},"433":{"start":{"line":434,"column":0},"end":{"line":434,"column":33}},"434":{"start":{"line":435,"column":0},"end":{"line":435,"column":48}},"435":{"start":{"line":436,"column":0},"end":{"line":436,"column":0}},"436":{"start":{"line":437,"column":0},"end":{"line":437,"column":40}},"437":{"start":{"line":438,"column":0},"end":{"line":438,"column":63}},"438":{"start":{"line":439,"column":0},"end":{"line":439,"column":0}},"439":{"start":{"line":440,"column":0},"end":{"line":440,"column":28}},"440":{"start":{"line":441,"column":0},"end":{"line":441,"column":60}},"441":{"start":{"line":442,"column":0},"end":{"line":442,"column":57}},"442":{"start":{"line":443,"column":0},"end":{"line":443,"column":21}},"443":{"start":{"line":444,"column":0},"end":{"line":444,"column":34}},"444":{"start":{"line":445,"column":0},"end":{"line":445,"column":65}},"445":{"start":{"line":446,"column":0},"end":{"line":446,"column":15}},"446":{"start":{"line":447,"column":0},"end":{"line":447,"column":0}},"447":{"start":{"line":448,"column":0},"end":{"line":448,"column":81}},"448":{"start":{"line":449,"column":0},"end":{"line":449,"column":82}},"449":{"start":{"line":450,"column":0},"end":{"line":450,"column":11}},"450":{"start":{"line":451,"column":0},"end":{"line":451,"column":0}},"451":{"start":{"line":452,"column":0},"end":{"line":452,"column":85}},"452":{"start":{"line":453,"column":0},"end":{"line":453,"column":82}},"453":{"start":{"line":454,"column":0},"end":{"line":454,"column":9}},"454":{"start":{"line":455,"column":0},"end":{"line":455,"column":0}},"455":{"start":{"line":456,"column":0},"end":{"line":456,"column":73}},"456":{"start":{"line":457,"column":0},"end":{"line":457,"column":37}},"457":{"start":{"line":458,"column":0},"end":{"line":458,"column":0}},"458":{"start":{"line":459,"column":0},"end":{"line":459,"column":43}},"459":{"start":{"line":460,"column":0},"end":{"line":460,"column":53}},"460":{"start":{"line":461,"column":0},"end":{"line":461,"column":9}},"461":{"start":{"line":462,"column":0},"end":{"line":462,"column":7}},"462":{"start":{"line":463,"column":0},"end":{"line":463,"column":0}},"463":{"start":{"line":464,"column":0},"end":{"line":464,"column":51}},"464":{"start":{"line":465,"column":0},"end":{"line":465,"column":23}},"465":{"start":{"line":466,"column":0},"end":{"line":466,"column":38}},"466":{"start":{"line":467,"column":0},"end":{"line":467,"column":48}},"467":{"start":{"line":468,"column":0},"end":{"line":468,"column":3}},"468":{"start":{"line":469,"column":0},"end":{"line":469,"column":1}}},"s":{"0":1,"1":1,"2":1,"3":1,"4":1,"5":1,"6":1,"7":1,"8":1,"9":1,"10":1,"11":1,"12":34,"13":34,"14":34,"15":34,"16":34,"17":34,"18":34,"19":34,"20":34,"21":34,"22":34,"23":34,"24":34,"25":34,"26":34,"27":34,"28":0,"29":0,"30":0,"31":0,"32":0,"33":0,"34":0,"35":0,"36":0,"37":0,"38":0,"39":0,"40":0,"41":0,"42":0,"43":0,"44":0,"45":0,"46":0,"47":0,"48":0,"49":0,"50":0,"51":0,"52":0,"53":0,"54":0,"55":34,"56":34,"57":34,"58":34,"59":34,"60":34,"61":34,"62":34,"63":1,"64":1,"65":1,"66":1,"67":1,"68":34,"69":34,"70":34,"71":34,"72":34,"73":1,"74":1,"75":1,"76":1,"77":1,"78":1,"79":34,"80":34,"81":34,"82":34,"83":34,"84":34,"85":2,"86":2,"87":2,"88":2,"89":2,"90":2,"91":2,"92":2,"93":2,"94":0,"95":0,"96":34,"97":34,"98":34,"99":34,"100":34,"101":34,"102":8,"103":8,"104":8,"105":8,"106":8,"107":8,"108":1,"109":1,"110":1,"111":7,"112":7,"113":8,"114":3,"115":3,"116":3,"117":4,"118":4,"119":4,"120":4,"121":4,"122":4,"123":8,"124":2,"125":2,"126":2,"127":2,"128":2,"129":2,"130":2,"131":2,"132":2,"133":2,"134":2,"135":2,"136":2,"137":2,"138":2,"139":8,"140":6,"141":6,"142":34,"143":34,"144":34,"145":34,"146":3,"147":3,"148":3,"149":3,"150":1,"151":1,"152":2,"153":2,"154":2,"155":2,"156":2,"157":2,"158":2,"159":2,"160":2,"161":2,"162":2,"163":2,"164":2,"165":2,"166":2,"167":2,"168":2,"169":2,"170":2,"171":2,"172":2,"173":2,"174":2,"175":34,"176":34,"177":34,"178":34,"179":4,"180":4,"181":4,"182":4,"183":1,"184":1,"185":3,"186":3,"187":3,"188":3,"189":3,"190":4,"191":4,"192":4,"193":4,"194":4,"195":1,"196":1,"197":1,"198":1,"199":4,"200":2,"201":2,"202":3,"203":3,"204":3,"205":3,"206":3,"207":3,"208":3,"209":3,"210":3,"211":3,"212":3,"213":3,"214":3,"215":3,"216":3,"217":3,"218":3,"219":3,"220":3,"221":3,"222":3,"223":3,"224":3,"225":3,"226":3,"227":3,"228":3,"229":3,"230":3,"231":3,"232":3,"233":3,"234":3,"235":4,"236":1,"237":1,"238":34,"239":34,"240":34,"241":34,"242":2,"243":2,"244":2,"245":2,"246":1,"247":1,"248":1,"249":1,"250":1,"251":1,"252":1,"253":1,"254":1,"255":1,"256":1,"257":1,"258":1,"259":1,"260":1,"261":1,"262":1,"263":1,"264":2,"265":2,"266":2,"267":2,"268":2,"269":2,"270":2,"271":2,"272":2,"273":1,"274":1,"275":1,"276":1,"277":1,"278":1,"279":34,"280":34,"281":34,"282":34,"283":2,"284":2,"285":2,"286":2,"287":1,"288":1,"289":34,"290":34,"291":34,"292":34,"293":34,"294":34,"295":9,"296":9,"297":9,"298":9,"299":9,"300":1,"301":1,"302":1,"303":1,"304":1,"305":1,"306":8,"307":8,"308":8,"309":8,"310":8,"311":9,"312":2,"313":2,"314":9,"315":1,"316":1,"317":9,"318":2,"319":2,"320":9,"321":1,"322":1,"323":9,"324":1,"325":1,"326":9,"327":1,"328":1,"329":1,"330":1,"331":1,"332":9,"333":7,"334":7,"335":7,"336":7,"337":7,"338":9,"339":9,"340":9,"341":9,"342":9,"343":9,"344":9,"345":9,"346":9,"347":9,"348":9,"349":9,"350":9,"351":9,"352":9,"353":9,"354":9,"355":9,"356":9,"357":1,"358":1,"359":1,"360":1,"361":1,"362":1,"363":1,"364":1,"365":7,"366":7,"367":9,"368":1,"369":1,"370":1,"371":1,"372":1,"373":1,"374":1,"375":1,"376":0,"377":0,"378":0,"379":0,"380":0,"381":0,"382":0,"383":0,"384":0,"385":0,"386":0,"387":0,"388":0,"389":0,"390":0,"391":0,"392":0,"393":0,"394":0,"395":0,"396":0,"397":0,"398":0,"399":0,"400":0,"401":0,"402":0,"403":1,"404":1,"405":1,"406":1,"407":1,"408":1,"409":1,"410":1,"411":1,"412":1,"413":1,"414":1,"415":9,"416":0,"417":0,"418":0,"419":0,"420":0,"421":0,"422":34,"423":34,"424":34,"425":34,"426":34,"427":2,"428":2,"429":2,"430":2,"431":2,"432":2,"433":1,"434":1,"435":1,"436":1,"437":1,"438":1,"439":1,"440":1,"441":1,"442":1,"443":1,"444":1,"445":1,"446":1,"447":1,"448":1,"449":1,"450":1,"451":1,"452":1,"453":1,"454":2,"455":2,"456":2,"457":2,"458":2,"459":2,"460":34,"461":34,"462":34,"463":34,"464":34,"465":0,"466":34,"467":34,"468":1},"branchMap":{"0":{"type":"branch","line":12,"loc":{"start":{"line":12,"column":2},"end":{"line":63,"column":3}},"locations":[{"start":{"line":12,"column":2},"end":{"line":63,"column":3}}]},"1":{"type":"branch","line":68,"loc":{"start":{"line":68,"column":2},"end":{"line":468,"column":3}},"locations":[{"start":{"line":68,"column":2},"end":{"line":468,"column":3}}]},"2":{"type":"branch","line":69,"loc":{"start":{"line":69,"column":29},"end":{"line":462,"column":5}},"locations":[{"start":{"line":69,"column":29},"end":{"line":462,"column":5}}]},"3":{"type":"branch","line":73,"loc":{"start":{"line":73,"column":24},"end":{"line":80,"column":7}},"locations":[{"start":{"line":73,"column":24},"end":{"line":80,"column":7}}]},"4":{"type":"branch","line":85,"loc":{"start":{"line":85,"column":30},"end":{"line":97,"column":7}},"locations":[{"start":{"line":85,"column":30},"end":{"line":97,"column":7}}]},"5":{"type":"branch","line":94,"loc":{"start":{"line":94,"column":10},"end":{"line":96,"column":9}},"locations":[{"start":{"line":94,"column":10},"end":{"line":96,"column":9}}]},"6":{"type":"branch","line":102,"loc":{"start":{"line":102,"column":31},"end":{"line":143,"column":7}},"locations":[{"start":{"line":102,"column":31},"end":{"line":143,"column":7}}]},"7":{"type":"branch","line":108,"loc":{"start":{"line":108,"column":21},"end":{"line":111,"column":11}},"locations":[{"start":{"line":108,"column":21},"end":{"line":111,"column":11}}]},"8":{"type":"branch","line":111,"loc":{"start":{"line":111,"column":10},"end":{"line":114,"column":24}},"locations":[{"start":{"line":111,"column":10},"end":{"line":114,"column":24}}]},"9":{"type":"branch","line":114,"loc":{"start":{"line":114,"column":24},"end":{"line":114,"column":55}},"locations":[{"start":{"line":114,"column":24},"end":{"line":114,"column":55}}]},"10":{"type":"branch","line":114,"loc":{"start":{"line":114,"column":56},"end":{"line":114,"column":81}},"locations":[{"start":{"line":114,"column":56},"end":{"line":114,"column":81}}]},"11":{"type":"branch","line":114,"loc":{"start":{"line":114,"column":83},"end":{"line":117,"column":11}},"locations":[{"start":{"line":114,"column":83},"end":{"line":117,"column":11}}]},"12":{"type":"branch","line":117,"loc":{"start":{"line":117,"column":10},"end":{"line":124,"column":70}},"locations":[{"start":{"line":117,"column":10},"end":{"line":124,"column":70}}]},"13":{"type":"branch","line":124,"loc":{"start":{"line":124,"column":72},"end":{"line":140,"column":10}},"locations":[{"start":{"line":124,"column":72},"end":{"line":140,"column":10}}]},"14":{"type":"branch","line":140,"loc":{"start":{"line":140,"column":10},"end":{"line":142,"column":9}},"locations":[{"start":{"line":140,"column":10},"end":{"line":142,"column":9}}]},"15":{"type":"branch","line":146,"loc":{"start":{"line":146,"column":29},"end":{"line":176,"column":7}},"locations":[{"start":{"line":146,"column":29},"end":{"line":176,"column":7}}]},"16":{"type":"branch","line":150,"loc":{"start":{"line":150,"column":21},"end":{"line":152,"column":11}},"locations":[{"start":{"line":150,"column":21},"end":{"line":152,"column":11}}]},"17":{"type":"branch","line":152,"loc":{"start":{"line":152,"column":10},"end":{"line":175,"column":9}},"locations":[{"start":{"line":152,"column":10},"end":{"line":175,"column":9}}]},"18":{"type":"branch","line":179,"loc":{"start":{"line":179,"column":30},"end":{"line":239,"column":7}},"locations":[{"start":{"line":179,"column":30},"end":{"line":239,"column":7}}]},"19":{"type":"branch","line":183,"loc":{"start":{"line":183,"column":21},"end":{"line":185,"column":11}},"locations":[{"start":{"line":183,"column":21},"end":{"line":185,"column":11}}]},"20":{"type":"branch","line":185,"loc":{"start":{"line":185,"column":10},"end":{"line":191,"column":79}},"locations":[{"start":{"line":185,"column":10},"end":{"line":191,"column":79}}]},"21":{"type":"branch","line":195,"loc":{"start":{"line":195,"column":33},"end":{"line":195,"column":84}},"locations":[{"start":{"line":195,"column":33},"end":{"line":195,"column":84}}]},"22":{"type":"branch","line":195,"loc":{"start":{"line":195,"column":61},"end":{"line":195,"column":83}},"locations":[{"start":{"line":195,"column":61},"end":{"line":195,"column":83}}]},"23":{"type":"branch","line":195,"loc":{"start":{"line":195,"column":86},"end":{"line":200,"column":11}},"locations":[{"start":{"line":195,"column":86},"end":{"line":200,"column":11}}]},"24":{"type":"branch","line":200,"loc":{"start":{"line":200,"column":11},"end":{"line":202,"column":11}},"locations":[{"start":{"line":200,"column":11},"end":{"line":202,"column":11}}]},"25":{"type":"branch","line":202,"loc":{"start":{"line":202,"column":10},"end":{"line":236,"column":10}},"locations":[{"start":{"line":202,"column":10},"end":{"line":236,"column":10}}]},"26":{"type":"branch","line":236,"loc":{"start":{"line":236,"column":10},"end":{"line":238,"column":9}},"locations":[{"start":{"line":236,"column":10},"end":{"line":238,"column":9}}]},"27":{"type":"branch","line":190,"loc":{"start":{"line":190,"column":73},"end":{"line":190,"column":89}},"locations":[{"start":{"line":190,"column":73},"end":{"line":190,"column":89}}]},"28":{"type":"branch","line":242,"loc":{"start":{"line":242,"column":30},"end":{"line":280,"column":7}},"locations":[{"start":{"line":242,"column":30},"end":{"line":280,"column":7}}]},"29":{"type":"branch","line":246,"loc":{"start":{"line":246,"column":21},"end":{"line":265,"column":54}},"locations":[{"start":{"line":246,"column":21},"end":{"line":265,"column":54}}]},"30":{"type":"branch","line":273,"loc":{"start":{"line":273,"column":10},"end":{"line":279,"column":9}},"locations":[{"start":{"line":273,"column":10},"end":{"line":279,"column":9}}]},"31":{"type":"branch","line":283,"loc":{"start":{"line":283,"column":29},"end":{"line":290,"column":7}},"locations":[{"start":{"line":283,"column":29},"end":{"line":290,"column":7}}]},"32":{"type":"branch","line":287,"loc":{"start":{"line":287,"column":10},"end":{"line":289,"column":9}},"locations":[{"start":{"line":287,"column":10},"end":{"line":289,"column":9}}]},"33":{"type":"branch","line":295,"loc":{"start":{"line":295,"column":29},"end":{"line":423,"column":7}},"locations":[{"start":{"line":295,"column":29},"end":{"line":423,"column":7}}]},"34":{"type":"branch","line":300,"loc":{"start":{"line":300,"column":21},"end":{"line":306,"column":11}},"locations":[{"start":{"line":300,"column":21},"end":{"line":306,"column":11}}]},"35":{"type":"branch","line":306,"loc":{"start":{"line":306,"column":10},"end":{"line":312,"column":12}},"locations":[{"start":{"line":306,"column":10},"end":{"line":312,"column":12}}]},"36":{"type":"branch","line":312,"loc":{"start":{"line":312,"column":12},"end":{"line":314,"column":20}},"locations":[{"start":{"line":312,"column":12},"end":{"line":314,"column":20}}]},"37":{"type":"branch","line":315,"loc":{"start":{"line":315,"column":12},"end":{"line":317,"column":20}},"locations":[{"start":{"line":315,"column":12},"end":{"line":317,"column":20}}]},"38":{"type":"branch","line":318,"loc":{"start":{"line":318,"column":12},"end":{"line":320,"column":20}},"locations":[{"start":{"line":318,"column":12},"end":{"line":320,"column":20}}]},"39":{"type":"branch","line":321,"loc":{"start":{"line":321,"column":12},"end":{"line":323,"column":20}},"locations":[{"start":{"line":321,"column":12},"end":{"line":323,"column":20}}]},"40":{"type":"branch","line":324,"loc":{"start":{"line":324,"column":12},"end":{"line":326,"column":20}},"locations":[{"start":{"line":324,"column":12},"end":{"line":326,"column":20}}]},"41":{"type":"branch","line":327,"loc":{"start":{"line":327,"column":12},"end":{"line":332,"column":21}},"locations":[{"start":{"line":327,"column":12},"end":{"line":332,"column":21}}]},"42":{"type":"branch","line":333,"loc":{"start":{"line":333,"column":10},"end":{"line":339,"column":30}},"locations":[{"start":{"line":333,"column":10},"end":{"line":339,"column":30}}]},"43":{"type":"branch","line":339,"loc":{"start":{"line":339,"column":31},"end":{"line":339,"column":51}},"locations":[{"start":{"line":339,"column":31},"end":{"line":339,"column":51}}]},"44":{"type":"branch","line":353,"loc":{"start":{"line":353,"column":26},"end":{"line":353,"column":34}},"locations":[{"start":{"line":353,"column":26},"end":{"line":353,"column":34}}]},"45":{"type":"branch","line":353,"loc":{"start":{"line":353,"column":35},"end":{"line":353,"column":55}},"locations":[{"start":{"line":353,"column":35},"end":{"line":353,"column":55}}]},"46":{"type":"branch","line":357,"loc":{"start":{"line":357,"column":20},"end":{"line":357,"column":36}},"locations":[{"start":{"line":357,"column":20},"end":{"line":357,"column":36}}]},"47":{"type":"branch","line":357,"loc":{"start":{"line":357,"column":38},"end":{"line":365,"column":11}},"locations":[{"start":{"line":357,"column":38},"end":{"line":365,"column":11}}]},"48":{"type":"branch","line":365,"loc":{"start":{"line":365,"column":10},"end":{"line":368,"column":30}},"locations":[{"start":{"line":365,"column":10},"end":{"line":368,"column":30}}]},"49":{"type":"branch","line":368,"loc":{"start":{"line":368,"column":32},"end":{"line":415,"column":11}},"locations":[{"start":{"line":368,"column":32},"end":{"line":415,"column":11}}]},"50":{"type":"branch","line":376,"loc":{"start":{"line":376,"column":37},"end":{"line":404,"column":13}},"locations":[{"start":{"line":376,"column":37},"end":{"line":404,"column":13}}]},"51":{"type":"branch","line":416,"loc":{"start":{"line":416,"column":10},"end":{"line":422,"column":9}},"locations":[{"start":{"line":416,"column":10},"end":{"line":422,"column":9}}]},"52":{"type":"branch","line":427,"loc":{"start":{"line":427,"column":30},"end":{"line":461,"column":7}},"locations":[{"start":{"line":427,"column":30},"end":{"line":461,"column":7}}]},"53":{"type":"branch","line":433,"loc":{"start":{"line":433,"column":18},"end":{"line":454,"column":9}},"locations":[{"start":{"line":433,"column":18},"end":{"line":454,"column":9}}]}},"b":{"0":[34],"1":[34],"2":[34],"3":[1],"4":[2],"5":[0],"6":[8],"7":[1],"8":[7],"9":[5],"10":[5],"11":[3],"12":[4],"13":[2],"14":[6],"15":[3],"16":[1],"17":[2],"18":[4],"19":[1],"20":[3],"21":[2],"22":[0],"23":[1],"24":[2],"25":[3],"26":[1],"27":[5],"28":[2],"29":[1],"30":[1],"31":[2],"32":[1],"33":[9],"34":[1],"35":[8],"36":[2],"37":[1],"38":[2],"39":[1],"40":[1],"41":[1],"42":[7],"43":[6],"44":[7],"45":[6],"46":[7],"47":[1],"48":[7],"49":[1],"50":[0],"51":[0],"52":[2],"53":[1]},"fnMap":{"0":{"name":"SocketService","decl":{"start":{"line":12,"column":2},"end":{"line":63,"column":3}},"loc":{"start":{"line":12,"column":2},"end":{"line":63,"column":3}},"line":12},"1":{"name":"init","decl":{"start":{"line":68,"column":2},"end":{"line":468,"column":3}},"loc":{"start":{"line":68,"column":2},"end":{"line":468,"column":3}},"line":68}},"f":{"0":34,"1":34}}
}
